#
# There is insufficient memory for the Java Runtime Environment to continue.
# Native memory allocation (malloc) failed to allocate 311056 bytes. Error detail: Chunk::new
# Possible reasons:
#   The system is out of physical RAM or swap space
#   This process is running with CompressedOops enabled, and the Java Heap may be blocking the growth of the native heap
# Possible solutions:
#   Reduce memory load on the system
#   Increase physical memory or swap space
#   Check if swap backing store is full
#   Decrease Java heap size (-Xmx/-Xms)
#   Decrease number of Java threads
#   Decrease Java thread stack sizes (-Xss)
#   Set larger code cache with -XX:ReservedCodeCacheSize=
#   JVM is running with Unscaled Compressed Oops mode in which the Java heap is
#     placed in the first 4GB address space. The Java Heap base address is the
#     maximum limit for the native heap growth. Please use -XX:HeapBaseMinAddress
#     to set the Java Heap base and to place the Java Heap above 4GB virtual address.
# This output file may be truncated or incomplete.
#
#  Out of Memory Error (arena.cpp:168), pid=12676, tid=9680
#
# JRE version: OpenJDK Runtime Environment Temurin-21.0.9+10 (21.0.9+10) (build 21.0.9+10-LTS)
# Java VM: OpenJDK 64-Bit Server VM Temurin-21.0.9+10 (21.0.9+10-LTS, mixed mode, sharing, tiered, compressed oops, compressed class ptrs, parallel gc, windows-amd64)
# No core dump will be written. Minidumps are not enabled by default on client versions of Windows
#

---------------  S U M M A R Y ------------

Command Line: --add-modules=ALL-SYSTEM --add-opens=java.base/java.util=ALL-UNNAMED --add-opens=java.base/java.lang=ALL-UNNAMED --add-opens=java.base/sun.nio.fs=ALL-UNNAMED -Declipse.application=org.eclipse.jdt.ls.core.id1 -Dosgi.bundles.defaultStartLevel=4 -Declipse.product=org.eclipse.jdt.ls.core.product -Djava.import.generatesMetadataFilesAtProjectRoot=false -DDetectVMInstallationsJob.disabled=true -Dfile.encoding=utf8 -XX:+UseParallelGC -XX:GCTimeRatio=4 -XX:AdaptiveSizePolicyWeight=90 -Dsun.zip.disableMemoryMapping=true -Xmx2G -Xms100m -Xlog:disable -javaagent:c:\Users\lequa\.antigravity\extensions\redhat.java-1.52.0-win32-x64\lombok\lombok-1.18.39-4050.jar -XX:+HeapDumpOnOutOfMemoryError -XX:HeapDumpPath=c:\Users\lequa\AppData\Roaming\Antigravity\User\workspaceStorage\7c5d4e6f4ddf0854ba8e81d633992a7b\redhat.java -Daether.dependencyCollector.impl=bf c:\Users\lequa\.antigravity\extensions\redhat.java-1.52.0-win32-x64\server\plugins\org.eclipse.equinox.launcher_1.7.100.v20251111-0406.jar -configuration c:\Users\lequa\AppData\Roaming\Antigravity\User\globalStorage\redhat.java\1.52.0\config_win -data c:\Users\lequa\AppData\Roaming\Antigravity\User\workspaceStorage\7c5d4e6f4ddf0854ba8e81d633992a7b\redhat.java\jdt_ws --pipe=\\.\pipe\lsp-93b0d1f4c6374cbf0c9e62b409f40534-sock

Host: 11th Gen Intel(R) Core(TM) i5-1135G7 @ 2.40GHz, 8 cores, 7G,  Windows 11 , 64 bit Build 22621 (10.0.22621.5415)
Time: Sat Mar  7 13:57:56 2026 SE Asia Standard Time elapsed time: 1.773592 seconds (0d 0h 0m 1s)

---------------  T H R E A D  ---------------

Current thread (0x0000013313755c90):  JavaThread "C2 CompilerThread0" daemon [_thread_in_native, id=9680, stack(0x0000000b95d00000,0x0000000b95e00000) (1024K)]


Current CompileTask:
C2:1773  680       4       lombok.patcher.PatchScript::classMatches (41 bytes)

Stack: [0x0000000b95d00000,0x0000000b95e00000]
Native frames: (J=compiled Java code, j=interpreted, Vv=VM code, C=native code)
V  [jvm.dll+0x6d6e29]
V  [jvm.dll+0x8b4b76]
V  [jvm.dll+0x8b712e]
V  [jvm.dll+0x8b7813]
V  [jvm.dll+0x283d86]
V  [jvm.dll+0xc66ed]
V  [jvm.dll+0xc6c31]
V  [jvm.dll+0x2facee]
V  [jvm.dll+0x5fde44]
V  [jvm.dll+0x255557]
V  [jvm.dll+0x25591d]
V  [jvm.dll+0x24df40]
V  [jvm.dll+0x24b482]
V  [jvm.dll+0x1cb13e]
V  [jvm.dll+0x25b29d]
V  [jvm.dll+0x25982a]
V  [jvm.dll+0x3f7ea6]
V  [jvm.dll+0x85e9ad]
V  [jvm.dll+0x6d565d]
C  [ucrtbase.dll+0x29333]
C  [KERNEL32.DLL+0x1259d]
C  [ntdll.dll+0x5af78]


---------------  P R O C E S S  ---------------

Threads class SMR info:
_java_thread_list=0x000001336ccffd60, length=11, elements={
0x00000133137df950, 0x00000133137493b0, 0x000001331386d970, 0x000001331374ba30,
0x000001331374f4b0, 0x0000013313752c00, 0x0000013313754640, 0x0000013313755c90,
0x000001336cacbd00, 0x0000013313753290, 0x0000013313751850
}

Java Threads: ( => current thread )
  0x00000133137df950 JavaThread "main"                              [_thread_in_Java, id=8240, stack(0x0000000b95300000,0x0000000b95400000) (1024K)]
  0x00000133137493b0 JavaThread "Reference Handler"          daemon [_thread_blocked, id=8204, stack(0x0000000b95700000,0x0000000b95800000) (1024K)]
  0x000001331386d970 JavaThread "Finalizer"                  daemon [_thread_blocked, id=2028, stack(0x0000000b95800000,0x0000000b95900000) (1024K)]
  0x000001331374ba30 JavaThread "Signal Dispatcher"          daemon [_thread_blocked, id=3860, stack(0x0000000b95900000,0x0000000b95a00000) (1024K)]
  0x000001331374f4b0 JavaThread "Attach Listener"            daemon [_thread_blocked, id=13384, stack(0x0000000b95a00000,0x0000000b95b00000) (1024K)]
  0x0000013313752c00 JavaThread "Service Thread"             daemon [_thread_blocked, id=9340, stack(0x0000000b95b00000,0x0000000b95c00000) (1024K)]
  0x0000013313754640 JavaThread "Monitor Deflation Thread"   daemon [_thread_blocked, id=9364, stack(0x0000000b95c00000,0x0000000b95d00000) (1024K)]
=>0x0000013313755c90 JavaThread "C2 CompilerThread0"         daemon [_thread_in_native, id=9680, stack(0x0000000b95d00000,0x0000000b95e00000) (1024K)]
  0x000001336cacbd00 JavaThread "C1 CompilerThread0"         daemon [_thread_blocked, id=11372, stack(0x0000000b95e00000,0x0000000b95f00000) (1024K)]
  0x0000013313753290 JavaThread "Common-Cleaner"             daemon [_thread_blocked, id=11848, stack(0x0000000b95f00000,0x0000000b96000000) (1024K)]
  0x0000013313751850 JavaThread "Notification Thread"        daemon [_thread_blocked, id=3724, stack(0x0000000b96000000,0x0000000b96100000) (1024K)]
Total: 11

Other Threads:
  0x00000133137447c0 VMThread "VM Thread"                           [id=13760, stack(0x0000000b95600000,0x0000000b95700000) (1024K)]
  0x000001331384abc0 WatcherThread "VM Periodic Task Thread"        [id=15720, stack(0x0000000b95500000,0x0000000b95600000) (1024K)]
  0x00000133137fef40 WorkerThread "GC Thread#0"                     [id=9832, stack(0x0000000b95400000,0x0000000b95500000) (1024K)]
Total: 3

Threads with active compile tasks:
C2 CompilerThread0  1870  680       4       lombok.patcher.PatchScript::classMatches (41 bytes)
Total: 1

VM state: not at safepoint (normal execution)

VM Mutex/Monitor currently owned by a thread: None

Heap address: 0x0000000080000000, size: 2048 MB, Compressed Oops mode: 32-bit

CDS archive(s) mapped at: [0x000001332b000000-0x000001332bba0000-0x000001332bba0000), size 12189696, SharedBaseAddress: 0x000001332b000000, ArchiveRelocationMode: 1.
Compressed class space mapped at: 0x000001332c000000-0x000001336c000000, reserved size: 1073741824
Narrow klass base: 0x000001332b000000, Narrow klass shift: 0, Narrow klass range: 0x100000000

GC Precious Log:
 CardTable entry size: 512
 CPUs: 8 total, 8 available
 Memory: 7834M
 Large Page Support: Disabled
 NUMA Support: Disabled
 Compressed Oops: Enabled (32-bit)
 Alignments: Space 512K, Generation 512K, Heap 2M
 Heap Min Capacity: 100M
 Heap Initial Capacity: 100M
 Heap Max Capacity: 2G
 Pre-touch: Disabled
 Parallel Workers: 8

Heap:
 PSYoungGen      total 29696K, used 21030K [0x00000000d5580000, 0x00000000d7680000, 0x0000000100000000)
  eden space 25600K, 82% used [0x00000000d5580000,0x00000000d6a09860,0x00000000d6e80000)
  from space 4096K, 0% used [0x00000000d7280000,0x00000000d7280000,0x00000000d7680000)
  to   space 4096K, 0% used [0x00000000d6e80000,0x00000000d6e80000,0x00000000d7280000)
 ParOldGen       total 68608K, used 0K [0x0000000080000000, 0x0000000084300000, 0x00000000d5580000)
  object space 68608K, 0% used [0x0000000080000000,0x0000000080000000,0x0000000084300000)
 Metaspace       used 3662K, committed 3904K, reserved 1114112K
  class space    used 402K, committed 512K, reserved 1048576K

Card table byte_map: [0x0000013313150000,0x0000013313560000] _byte_map_base: 0x0000013312d50000

Marking Bits: (ParMarkBitMap*) 0x00007ffe51502460
 Begin Bits: [0x0000013325c60000, 0x0000013327c60000)
 End Bits:   [0x0000013327c60000, 0x0000013329c60000)

Polling page: 0x0000013311580000

Metaspace:

Usage:
  Non-class:      3.18 MB used.
      Class:    403.18 KB used.
       Both:      3.58 MB used.

Virtual space:
  Non-class space:       64.00 MB reserved,       3.31 MB (  5%) committed,  1 nodes.
      Class space:        1.00 GB reserved,     512.00 KB ( <1%) committed,  1 nodes.
             Both:        1.06 GB reserved,       3.81 MB ( <1%) committed. 

Chunk freelists:
   Non-Class:  11.38 MB
       Class:  15.46 MB
        Both:  26.84 MB

MaxMetaspaceSize: unlimited
CompressedClassSpaceSize: 1.00 GB
Initial GC threshold: 21.00 MB
Current GC threshold: 21.00 MB
CDS: on
 - commit_granule_bytes: 65536.
 - commit_granule_words: 8192.
 - virtual_space_node_default_size: 8388608.
 - enlarge_chunks_in_place: 1.
 - use_allocation_guard: 0.


Internal statistics:

num_allocs_failed_limit: 0.
num_arena_births: 172.
num_arena_deaths: 0.
num_vsnodes_births: 2.
num_vsnodes_deaths: 0.
num_space_committed: 61.
num_space_uncommitted: 0.
num_chunks_returned_to_freelist: 0.
num_chunks_taken_from_freelist: 223.
num_chunk_merges: 0.
num_chunk_splits: 145.
num_chunks_enlarged: 81.
num_inconsistent_stats: 0.

CodeHeap 'non-profiled nmethods': size=120000Kb used=305Kb max_used=305Kb free=119695Kb
 bounds [0x000001331e480000, 0x000001331e6f0000, 0x00000133259b0000]
CodeHeap 'profiled nmethods': size=120000Kb used=1552Kb max_used=1552Kb free=118447Kb
 bounds [0x00000133169b0000, 0x0000013316c20000, 0x000001331dee0000]
CodeHeap 'non-nmethods': size=5760Kb used=1202Kb max_used=1216Kb free=4557Kb
 bounds [0x000001331dee0000, 0x000001331e150000, 0x000001331e480000]
CodeCache: size=245760Kb, used=3059Kb, max_used=3073Kb, free=242699Kb
 total_blobs=1414, nmethods=963, adapters=358, full_count=0
Compilation: enabled, stopped_count=0, restarted_count=0

Compilation events (20 events):
Event: 1.761 Thread 0x000001336cacbd00 nmethod 887 0x0000013316b04890 code [0x0000013316b04a40, 0x0000013316b04c28]
Event: 1.761 Thread 0x000001336cacbd00  888       3       java.lang.StringConcatHelper::newString (67 bytes)
Event: 1.762 Thread 0x000001336cacbd00 nmethod 888 0x0000013316b04d10 code [0x0000013316b04f80, 0x0000013316b058a8]
Event: 1.762 Thread 0x000001336cacbd00  889       3       java.lang.StringConcatHelper::simpleConcat (94 bytes)
Event: 1.764 Thread 0x000001336cacbd00 nmethod 889 0x0000013316b05c10 code [0x0000013316b05f60, 0x0000013316b071d8]
Event: 1.765 Thread 0x000001336cacbd00  890       3       java.lang.invoke.Invokers$Holder::linkToTargetMethod (9 bytes)
Event: 1.765 Thread 0x000001336cacbd00 nmethod 890 0x0000013316b07890 code [0x0000013316b07a60, 0x0000013316b07e38]
Event: 1.765 Thread 0x000001336cacbd00  893       3       java.util.StringTokenizer::setMaxDelimCodePoint (156 bytes)
Event: 1.766 Thread 0x000001336cacbd00 nmethod 893 0x0000013316b07f10 code [0x0000013316b08180, 0x0000013316b08de8]
Event: 1.766 Thread 0x000001336cacbd00  891       3       java.lang.invoke.DirectMethodHandle$Holder::invokeStatic (15 bytes)
Event: 1.767 Thread 0x000001336cacbd00 nmethod 891 0x0000013316b09310 code [0x0000013316b094e0, 0x0000013316b09a40]
Event: 1.767 Thread 0x000001336cacbd00  892       3       java.util.StringTokenizer::<init> (52 bytes)
Event: 1.767 Thread 0x000001336cacbd00 nmethod 892 0x0000013316b09b90 code [0x0000013316b09d60, 0x0000013316b0a050]
Event: 1.769 Thread 0x000001336cacbd00  894       3       jdk.internal.org.objectweb.asm.MethodWriter::visitInsn (115 bytes)
Event: 1.769 Thread 0x000001336cacbd00 nmethod 894 0x0000013316b0a210 code [0x0000013316b0a400, 0x0000013316b0a7f0]
Event: 1.769 Thread 0x000001336cacbd00  897       3       java.util.stream.ReferencePipeline$3$1::accept (23 bytes)
Event: 1.770 Thread 0x000001336cacbd00 nmethod 897 0x0000013316b0a990 code [0x0000013316b0ab60, 0x0000013316b0ae20]
Event: 1.770 Thread 0x000001336cacbd00  895       1       jdk.internal.org.objectweb.asm.SymbolTable::getConstantPoolCount (5 bytes)
Event: 1.770 Thread 0x000001336cacbd00 nmethod 895 0x000001331e4c9c10 code [0x000001331e4c9da0, 0x000001331e4c9e68]
Event: 1.771 Thread 0x000001336cacbd00  898       3       java.lang.invoke.MemberName::isCallerSensitive (8 bytes)

GC Heap History (0 events):
No events

Dll operation events (8 events):
Event: 0.088 Loaded shared library c:\Users\lequa\.antigravity\extensions\redhat.java-1.52.0-win32-x64\jre\21.0.9-win32-x86_64\bin\java.dll
Event: 0.243 Loaded shared library c:\Users\lequa\.antigravity\extensions\redhat.java-1.52.0-win32-x64\jre\21.0.9-win32-x86_64\bin\zip.dll
Event: 0.293 Loaded shared library C:\Users\lequa\.antigravity\extensions\redhat.java-1.52.0-win32-x64\jre\21.0.9-win32-x86_64\bin\instrument.dll
Event: 0.319 Loaded shared library C:\Users\lequa\.antigravity\extensions\redhat.java-1.52.0-win32-x64\jre\21.0.9-win32-x86_64\bin\net.dll
Event: 0.337 Loaded shared library C:\Users\lequa\.antigravity\extensions\redhat.java-1.52.0-win32-x64\jre\21.0.9-win32-x86_64\bin\nio.dll
Event: 0.343 Loaded shared library C:\Users\lequa\.antigravity\extensions\redhat.java-1.52.0-win32-x64\jre\21.0.9-win32-x86_64\bin\zip.dll
Event: 0.386 Loaded shared library C:\Users\lequa\.antigravity\extensions\redhat.java-1.52.0-win32-x64\jre\21.0.9-win32-x86_64\bin\jimage.dll
Event: 0.865 Loaded shared library c:\Users\lequa\.antigravity\extensions\redhat.java-1.52.0-win32-x64\jre\21.0.9-win32-x86_64\bin\verify.dll

Deoptimization events (20 events):
Event: 1.454 Thread 0x00000133137df950 DEOPT PACKING pc=0x00000133169fa858 sp=0x0000000b953fb170
Event: 1.454 Thread 0x00000133137df950 DEOPT UNPACKING pc=0x000001331df378e2 sp=0x0000000b953fa630 mode 0
Event: 1.548 Thread 0x00000133137df950 Uncommon trap: trap_request=0xffffff45 fr.pc=0x000001331e4b266c relative=0x000000000000014c
Event: 1.548 Thread 0x00000133137df950 Uncommon trap: reason=unstable_if action=reinterpret pc=0x000001331e4b266c method=jdk.internal.util.ArraysSupport.vectorizedHashCode(Ljava/lang/Object;IIII)I @ 2 c2
Event: 1.548 Thread 0x00000133137df950 DEOPT PACKING pc=0x000001331e4b266c sp=0x0000000b953fcea0
Event: 1.548 Thread 0x00000133137df950 DEOPT UNPACKING pc=0x000001331df36da2 sp=0x0000000b953fce50 mode 2
Event: 1.560 Thread 0x00000133137df950 Uncommon trap: trap_request=0xffffff45 fr.pc=0x000001331e4a2f74 relative=0x00000000000000d4
Event: 1.560 Thread 0x00000133137df950 Uncommon trap: reason=unstable_if action=reinterpret pc=0x000001331e4a2f74 method=java.net.URI.match(CJJ)Z @ 45 c2
Event: 1.560 Thread 0x00000133137df950 DEOPT PACKING pc=0x000001331e4a2f74 sp=0x0000000b953fd020
Event: 1.560 Thread 0x00000133137df950 DEOPT UNPACKING pc=0x000001331df36da2 sp=0x0000000b953fcf88 mode 2
Event: 1.581 Thread 0x00000133137df950 DEOPT PACKING pc=0x00000133169fbb07 sp=0x0000000b953fbdf0
Event: 1.581 Thread 0x00000133137df950 DEOPT UNPACKING pc=0x000001331df378e2 sp=0x0000000b953fb288 mode 0
Event: 1.619 Thread 0x00000133137df950 Uncommon trap: trap_request=0xffffff45 fr.pc=0x000001331e4a149c relative=0x000000000000017c
Event: 1.619 Thread 0x00000133137df950 Uncommon trap: reason=unstable_if action=reinterpret pc=0x000001331e4a149c method=java.lang.StringUTF16.compress([CI[BII)I @ 20 c2
Event: 1.619 Thread 0x00000133137df950 DEOPT PACKING pc=0x000001331e4a149c sp=0x0000000b953fbc90
Event: 1.619 Thread 0x00000133137df950 DEOPT UNPACKING pc=0x000001331df36da2 sp=0x0000000b953fbc00 mode 2
Event: 1.708 Thread 0x00000133137df950 Uncommon trap: trap_request=0xffffff45 fr.pc=0x000001331e4afcbc relative=0x000000000000065c
Event: 1.708 Thread 0x00000133137df950 Uncommon trap: reason=unstable_if action=reinterpret pc=0x000001331e4afcbc method=java.lang.AbstractStringBuilder.append(Ljava/lang/String;)Ljava/lang/AbstractStringBuilder; @ 1 c2
Event: 1.708 Thread 0x00000133137df950 DEOPT PACKING pc=0x000001331e4afcbc sp=0x0000000b953fdf40
Event: 1.708 Thread 0x00000133137df950 DEOPT UNPACKING pc=0x000001331df36da2 sp=0x0000000b953fded0 mode 2

Classes loaded (20 events):
Event: 1.756 Loading class java/util/stream/Streams$ConcatSpliterator done
Event: 1.756 Loading class java/util/stream/Streams$ConcatSpliterator$OfRef done
Event: 1.756 Loading class java/util/stream/StreamSpliterators$WrappingSpliterator
Event: 1.756 Loading class java/util/stream/StreamSpliterators$AbstractWrappingSpliterator
Event: 1.757 Loading class java/util/stream/StreamSpliterators$AbstractWrappingSpliterator done
Event: 1.757 Loading class java/util/stream/StreamSpliterators$WrappingSpliterator done
Event: 1.757 Loading class java/util/stream/Streams$2
Event: 1.757 Loading class java/util/stream/Streams$2 done
Event: 1.758 Loading class java/util/stream/StreamSpliterators
Event: 1.758 Loading class java/util/stream/StreamSpliterators done
Event: 1.759 Loading class java/util/stream/IntPipeline$1$1
Event: 1.759 Loading class java/util/stream/Sink$ChainedInt
Event: 1.759 Loading class java/util/stream/Sink$OfInt
Event: 1.759 Loading class java/util/stream/Sink$OfInt done
Event: 1.759 Loading class java/util/stream/Sink$ChainedInt done
Event: 1.759 Loading class java/util/stream/IntPipeline$1$1 done
Event: 1.759 Loading class java/util/stream/IntPipeline$4$1
Event: 1.759 Loading class java/util/stream/IntPipeline$4$1 done
Event: 1.759 Loading class java/util/function/BooleanSupplier
Event: 1.759 Loading class java/util/function/BooleanSupplier done

Classes unloaded (0 events):
No events

Classes redefined (0 events):
No events

Internal exceptions (20 events):
Event: 0.538 Thread 0x00000133137df950 Exception <a 'java/lang/NoSuchMethodError'{0x00000000d59ea4d0}: 'void java.lang.invoke.DelegatingMethodHandle$Holder.reinvoke_L(java.lang.Object, java.lang.Object, java.lang.Object, int, java.lang.Object)'> (0x00000000d59ea4d0) 
thrown [s\src\hotspot\share\interpreter\linkResolver.cpp, line 773]
Event: 0.551 Thread 0x00000133137df950 Exception <a 'java/lang/NoSuchMethodError'{0x00000000d59fae20}: 'int java.lang.invoke.DirectMethodHandle$Holder.invokeSpecial(java.lang.Object, java.lang.Object, java.lang.Object)'> (0x00000000d59fae20) 
thrown [s\src\hotspot\share\interpreter\linkResolver.cpp, line 773]
Event: 0.556 Thread 0x00000133137df950 Exception <a 'java/lang/NoSuchMethodError'{0x00000000d5a06ae0}: 'java.lang.Object java.lang.invoke.DirectMethodHandle$Holder.invokeStatic(java.lang.Object, java.lang.Object, int)'> (0x00000000d5a06ae0) 
thrown [s\src\hotspot\share\interpreter\linkResolver.cpp, line 773]
Event: 0.557 Thread 0x00000133137df950 Exception <a 'java/lang/NoSuchMethodError'{0x00000000d5a0b430}: 'void java.lang.invoke.DirectMethodHandle$Holder.invokeStatic(java.lang.Object, java.lang.Object, int, java.lang.Object)'> (0x00000000d5a0b430) 
thrown [s\src\hotspot\share\interpreter\linkResolver.cpp, line 773]
Event: 0.558 Thread 0x00000133137df950 Exception <a 'java/lang/NoSuchMethodError'{0x00000000d5a0efc0}: 'void java.lang.invoke.DirectMethodHandle$Holder.invokeSpecial(java.lang.Object, java.lang.Object, java.lang.Object, int, java.lang.Object)'> (0x00000000d5a0efc0) 
thrown [s\src\hotspot\share\interpreter\linkResolver.cpp, line 773]
Event: 0.558 Thread 0x00000133137df950 Exception <a 'java/lang/NoSuchMethodError'{0x00000000d5a12678}: 'void java.lang.invoke.DelegatingMethodHandle$Holder.delegate(java.lang.Object, java.lang.Object, int, java.lang.Object)'> (0x00000000d5a12678) 
thrown [s\src\hotspot\share\interpreter\linkResolver.cpp, line 773]
Event: 1.147 Thread 0x00000133137df950 Exception <a 'java/lang/NoSuchMethodError'{0x00000000d5bd3ce8}: 'void java.lang.invoke.DelegatingMethodHandle$Holder.reinvoke_L(java.lang.Object, java.lang.Object, java.lang.Object, int)'> (0x00000000d5bd3ce8) 
thrown [s\src\hotspot\share\interpreter\linkResolver.cpp, line 773]
Event: 1.531 Thread 0x00000133137df950 Exception <a 'java/lang/NoSuchMethodError'{0x00000000d60603f8}: 'void java.lang.invoke.DirectMethodHandle$Holder.invokeVirtual(java.lang.Object, java.lang.Object)'> (0x00000000d60603f8) 
thrown [s\src\hotspot\share\interpreter\linkResolver.cpp, line 773]
Event: 1.674 Thread 0x00000133137df950 Exception <a 'java/lang/NoSuchMethodError'{0x00000000d6446440}: 'void java.lang.invoke.DirectMethodHandle$Holder.invokeStatic(java.lang.Object, java.lang.Object)'> (0x00000000d6446440) 
thrown [s\src\hotspot\share\interpreter\linkResolver.cpp, line 773]
Event: 1.678 Thread 0x00000133137df950 Exception <a 'java/lang/ClassNotFoundException'{0x00000000d646e540}: sun/net/www/protocol/c/Handler> (0x00000000d646e540) 
thrown [s\src\hotspot\share\classfile\systemDictionary.cpp, line 312]
Event: 1.702 Thread 0x00000133137df950 Exception <a 'java/io/FileNotFoundException'{0x00000000d64cd800}> (0x00000000d64cd800) 
thrown [s\src\hotspot\share\prims\jni.cpp, line 520]
Event: 1.703 Thread 0x00000133137df950 Exception <a 'java/io/FileNotFoundException'{0x00000000d64ceb38}> (0x00000000d64ceb38) 
thrown [s\src\hotspot\share\prims\jni.cpp, line 520]
Event: 1.704 Thread 0x00000133137df950 Exception <a 'java/io/FileNotFoundException'{0x00000000d64cf7c0}> (0x00000000d64cf7c0) 
thrown [s\src\hotspot\share\prims\jni.cpp, line 520]
Event: 1.704 Thread 0x00000133137df950 Exception <a 'java/io/FileNotFoundException'{0x00000000d64d0330}> (0x00000000d64d0330) 
thrown [s\src\hotspot\share\prims\jni.cpp, line 520]
Event: 1.708 Thread 0x00000133137df950 Implicit null exception at 0x000001331e4af6a4 to 0x000001331e4afca4
Event: 1.712 Thread 0x00000133137df950 Exception <a 'java/io/FileNotFoundException'{0x00000000d650a500}> (0x00000000d650a500) 
thrown [s\src\hotspot\share\prims\jni.cpp, line 520]
Event: 1.721 Thread 0x00000133137df950 Exception <a 'java/lang/NoSuchMethodError'{0x00000000d6546e60}: 'java.lang.Object java.lang.invoke.DirectMethodHandle$Holder.invokeInterface(java.lang.Object, java.lang.Object)'> (0x00000000d6546e60) 
thrown [s\src\hotspot\share\interpreter\linkResolver.cpp, line 773]
Event: 1.723 Thread 0x00000133137df950 Exception <a 'java/lang/NoSuchMethodError'{0x00000000d655a8f8}: 'java.lang.Object java.lang.invoke.Invokers$Holder.invokeExact_MT(java.lang.Object, java.lang.Object, java.lang.Object, java.lang.Object, java.lang.Object, java.lang.Object)'> (0x00000000d655a8f8) 
thrown [s\src\hotspot\share\interpreter\linkResolver.cpp, line 773]
Event: 1.727 Thread 0x00000133137df950 Exception <a 'java/lang/NoSuchMethodError'{0x00000000d65719d0}: 'int java.lang.invoke.DirectMethodHandle$Holder.invokeStatic(java.lang.Object, java.lang.Object, java.lang.Object, java.lang.Object, java.lang.Object)'> (0x00000000d65719d0) 
thrown [s\src\hotspot\share\interpreter\linkResolver.cpp, line 773]
Event: 1.754 Thread 0x00000133137df950 Exception <a 'java/lang/NoSuchMethodError'{0x00000000d6607450}: 'java.lang.Object java.lang.invoke.DirectMethodHandle$Holder.invokeInterface(java.lang.Object, java.lang.Object, int)'> (0x00000000d6607450) 
thrown [s\src\hotspot\share\interpreter\linkResolver.cpp, line 773]

ZGC Phase Switch (0 events):
No events

VM Operations (8 events):
Event: 0.229 Executing VM operation: HandshakeAllThreads (Deoptimize)
Event: 0.229 Executing VM operation: HandshakeAllThreads (Deoptimize) done
Event: 0.421 Executing VM operation: HandshakeAllThreads (Deoptimize)
Event: 0.421 Executing VM operation: HandshakeAllThreads (Deoptimize) done
Event: 1.434 Executing VM operation: Cleanup
Event: 1.434 Executing VM operation: Cleanup done
Event: 1.669 Executing VM operation: HandshakeAllThreads (Deoptimize)
Event: 1.669 Executing VM operation: HandshakeAllThreads (Deoptimize) done

Memory protections (0 events):
No events

Nmethod flushes (0 events):
No events

Events (11 events):
Event: 0.119 Thread 0x00000133137df950 Thread added: 0x00000133137df950
Event: 0.148 Thread 0x00000133137df950 Thread added: 0x00000133137493b0
Event: 0.148 Thread 0x00000133137df950 Thread added: 0x000001331386d970
Event: 0.149 Thread 0x00000133137df950 Thread added: 0x000001331374ba30
Event: 0.149 Thread 0x00000133137df950 Thread added: 0x000001331374f4b0
Event: 0.149 Thread 0x00000133137df950 Thread added: 0x0000013313752c00
Event: 0.149 Thread 0x00000133137df950 Thread added: 0x0000013313754640
Event: 0.149 Thread 0x00000133137df950 Thread added: 0x0000013313755c90
Event: 0.150 Thread 0x00000133137df950 Thread added: 0x000001336cacbd00
Event: 0.296 Thread 0x00000133137df950 Thread added: 0x0000013313753290
Event: 1.435 Thread 0x00000133137df950 Thread added: 0x0000013313751850


Dynamic libraries:
0x00007ff6250d0000 - 0x00007ff6250de000 	c:\Users\lequa\.antigravity\extensions\redhat.java-1.52.0-win32-x64\jre\21.0.9-win32-x86_64\bin\java.exe
0x00007ffef1810000 - 0x00007ffef1a28000 	C:\WINDOWS\SYSTEM32\ntdll.dll
0x00007ffef08d0000 - 0x00007ffef0994000 	C:\WINDOWS\System32\KERNEL32.DLL
0x00007ffeee920000 - 0x00007ffeeecf3000 	C:\WINDOWS\System32\KERNELBASE.dll
0x00007ffeeeec0000 - 0x00007ffeeefd1000 	C:\WINDOWS\System32\ucrtbase.dll
0x00007ffea99f0000 - 0x00007ffea9a0e000 	c:\Users\lequa\.antigravity\extensions\redhat.java-1.52.0-win32-x64\jre\21.0.9-win32-x86_64\bin\VCRUNTIME140.dll
0x00007ffea9940000 - 0x00007ffea9958000 	c:\Users\lequa\.antigravity\extensions\redhat.java-1.52.0-win32-x64\jre\21.0.9-win32-x86_64\bin\jli.dll
0x00007ffef0540000 - 0x00007ffef06f2000 	C:\WINDOWS\System32\USER32.dll
0x00007ffeeedf0000 - 0x00007ffeeee16000 	C:\WINDOWS\System32\win32u.dll
0x00007ffef1640000 - 0x00007ffef1669000 	C:\WINDOWS\System32\GDI32.dll
0x00007ffeef0e0000 - 0x00007ffeef1fb000 	C:\WINDOWS\System32\gdi32full.dll
0x00007ffeeee20000 - 0x00007ffeeeeba000 	C:\WINDOWS\System32\msvcp_win.dll
0x00007ffee29d0000 - 0x00007ffee2c6c000 	C:\WINDOWS\WinSxS\amd64_microsoft.windows.common-controls_6595b64144ccf1df_6.0.22621.6060_none_2712eda17382d24b\COMCTL32.dll
0x00007ffef0af0000 - 0x00007ffef0b97000 	C:\WINDOWS\System32\msvcrt.dll
0x00007ffef1790000 - 0x00007ffef17c1000 	C:\WINDOWS\System32\IMM32.DLL
0x0000000051790000 - 0x000000005179d000 	D:\360\Total Security\safemon\SafeWrapper.dll
0x00007ffef0ca0000 - 0x00007ffef0d51000 	C:\WINDOWS\System32\ADVAPI32.dll
0x00007ffef1510000 - 0x00007ffef15b8000 	C:\WINDOWS\System32\sechost.dll
0x00007ffeeed00000 - 0x00007ffeeed28000 	C:\WINDOWS\System32\bcrypt.dll
0x00007ffef0700000 - 0x00007ffef0818000 	C:\WINDOWS\System32\RPCRT4.dll
0x00007ffee4940000 - 0x00007ffee4a45000 	D:\360\Total Security\safemon\libzdtp64.dll
0x00007ffeefaf0000 - 0x00007ffef038c000 	C:\WINDOWS\System32\SHELL32.dll
0x00007ffeef200000 - 0x00007ffeef33f000 	C:\WINDOWS\System32\wintypes.dll
0x00007ffef1080000 - 0x00007ffef1411000 	C:\WINDOWS\System32\combase.dll
0x00007ffef09a0000 - 0x00007ffef0a09000 	C:\WINDOWS\System32\SHLWAPI.dll
0x00007ffeee2d0000 - 0x00007ffeee2da000 	C:\WINDOWS\SYSTEM32\VERSION.dll
0x00007ffed1580000 - 0x00007ffed158c000 	c:\Users\lequa\.antigravity\extensions\redhat.java-1.52.0-win32-x64\jre\21.0.9-win32-x86_64\bin\vcruntime140_1.dll
0x00007ffe5c740000 - 0x00007ffe5c7cd000 	c:\Users\lequa\.antigravity\extensions\redhat.java-1.52.0-win32-x64\jre\21.0.9-win32-x86_64\bin\msvcp140.dll
0x00007ffe50840000 - 0x00007ffe515e0000 	c:\Users\lequa\.antigravity\extensions\redhat.java-1.52.0-win32-x64\jre\21.0.9-win32-x86_64\bin\server\jvm.dll
0x00007ffef1490000 - 0x00007ffef1501000 	C:\WINDOWS\System32\WS2_32.dll
0x00007ffeee7f0000 - 0x00007ffeee83d000 	C:\WINDOWS\SYSTEM32\POWRPROF.dll
0x00007ffee4f50000 - 0x00007ffee4f84000 	C:\WINDOWS\SYSTEM32\WINMM.dll
0x00007ffeee7d0000 - 0x00007ffeee7e3000 	C:\WINDOWS\SYSTEM32\UMPDC.dll
0x00007ffeed850000 - 0x00007ffeed868000 	C:\WINDOWS\SYSTEM32\kernel.appcore.dll
0x00007ffece270000 - 0x00007ffece27a000 	c:\Users\lequa\.antigravity\extensions\redhat.java-1.52.0-win32-x64\jre\21.0.9-win32-x86_64\bin\jimage.dll
0x00007ffeec260000 - 0x00007ffeec493000 	C:\WINDOWS\SYSTEM32\DBGHELP.DLL
0x00007ffef0a10000 - 0x00007ffef0ae8000 	C:\WINDOWS\System32\OLEAUT32.dll
0x00007ffee1e70000 - 0x00007ffee1ea2000 	C:\WINDOWS\SYSTEM32\dbgcore.DLL
0x00007ffeeefe0000 - 0x00007ffeef05b000 	C:\WINDOWS\System32\bcryptPrimitives.dll
0x00007ffeadd80000 - 0x00007ffeadd8f000 	c:\Users\lequa\.antigravity\extensions\redhat.java-1.52.0-win32-x64\jre\21.0.9-win32-x86_64\bin\instrument.dll
0x00007ffea9920000 - 0x00007ffea9940000 	c:\Users\lequa\.antigravity\extensions\redhat.java-1.52.0-win32-x64\jre\21.0.9-win32-x86_64\bin\java.dll
0x00007ffeec760000 - 0x00007ffeed07a000 	C:\WINDOWS\SYSTEM32\windows.storage.dll
0x00007ffef0420000 - 0x00007ffef0524000 	C:\WINDOWS\System32\SHCORE.dll
0x00007ffeee850000 - 0x00007ffeee875000 	C:\WINDOWS\SYSTEM32\profapi.dll
0x00007ffea9790000 - 0x00007ffea97a8000 	c:\Users\lequa\.antigravity\extensions\redhat.java-1.52.0-win32-x64\jre\21.0.9-win32-x86_64\bin\zip.dll
0x00007ffece070000 - 0x00007ffece080000 	C:\Users\lequa\.antigravity\extensions\redhat.java-1.52.0-win32-x64\jre\21.0.9-win32-x86_64\bin\net.dll
0x00007ffee8470000 - 0x00007ffee859c000 	C:\WINDOWS\SYSTEM32\WINHTTP.dll
0x00007ffeedd20000 - 0x00007ffeedd89000 	C:\WINDOWS\system32\mswsock.dll
0x00007ffea4310000 - 0x00007ffea4326000 	C:\Users\lequa\.antigravity\extensions\redhat.java-1.52.0-win32-x64\jre\21.0.9-win32-x86_64\bin\nio.dll
0x00007ffeadd50000 - 0x00007ffeadd60000 	c:\Users\lequa\.antigravity\extensions\redhat.java-1.52.0-win32-x64\jre\21.0.9-win32-x86_64\bin\verify.dll

JVMTI agents:
c:\Users\lequa\.antigravity\extensions\redhat.java-1.52.0-win32-x64\lombok\lombok-1.18.39-4050.jar path:c:\Users\lequa\.antigravity\extensions\redhat.java-1.52.0-win32-x64\jre\21.0.9-win32-x86_64\bin\instrument.dll, loaded, initialized, instrumentlib options:none

dbghelp: loaded successfully - version: 4.0.5 - missing functions: none
symbol engine: initialized successfully - sym options: 0x614 - pdb path: .;c:\Users\lequa\.antigravity\extensions\redhat.java-1.52.0-win32-x64\jre\21.0.9-win32-x86_64\bin;C:\WINDOWS\SYSTEM32;C:\WINDOWS\WinSxS\amd64_microsoft.windows.common-controls_6595b64144ccf1df_6.0.22621.6060_none_2712eda17382d24b;D:\360\Total Security\safemon;c:\Users\lequa\.antigravity\extensions\redhat.java-1.52.0-win32-x64\jre\21.0.9-win32-x86_64\bin\server

VM Arguments:
jvm_args: --add-modules=ALL-SYSTEM --add-opens=java.base/java.util=ALL-UNNAMED --add-opens=java.base/java.lang=ALL-UNNAMED --add-opens=java.base/sun.nio.fs=ALL-UNNAMED -Declipse.application=org.eclipse.jdt.ls.core.id1 -Dosgi.bundles.defaultStartLevel=4 -Declipse.product=org.eclipse.jdt.ls.core.product -Djava.import.generatesMetadataFilesAtProjectRoot=false -DDetectVMInstallationsJob.disabled=true -Dfile.encoding=utf8 -XX:+UseParallelGC -XX:GCTimeRatio=4 -XX:AdaptiveSizePolicyWeight=90 -Dsun.zip.disableMemoryMapping=true -Xmx2G -Xms100m -Xlog:disable -javaagent:c:\Users\lequa\.antigravity\extensions\redhat.java-1.52.0-win32-x64\lombok\lombok-1.18.39-4050.jar -XX:+HeapDumpOnOutOfMemoryError -XX:HeapDumpPath=c:\Users\lequa\AppData\Roaming\Antigravity\User\workspaceStorage\7c5d4e6f4ddf0854ba8e81d633992a7b\redhat.java -Daether.dependencyCollector.impl=bf 
java_command: c:\Users\lequa\.antigravity\extensions\redhat.java-1.52.0-win32-x64\server\plugins\org.eclipse.equinox.launcher_1.7.100.v20251111-0406.jar -configuration c:\Users\lequa\AppData\Roaming\Antigravity\User\globalStorage\redhat.java\1.52.0\config_win -data c:\Users\lequa\AppData\Roaming\Antigravity\User\workspaceStorage\7c5d4e6f4ddf0854ba8e81d633992a7b\redhat.java\jdt_ws --pipe=\\.\pipe\lsp-93b0d1f4c6374cbf0c9e62b409f40534-sock
java_class_path (initial): c:\Users\lequa\.antigravity\extensions\redhat.java-1.52.0-win32-x64\server\plugins\org.eclipse.equinox.launcher_1.7.100.v20251111-0406.jar
Launcher Type: SUN_STANDARD

[Global flags]
    uintx AdaptiveSizePolicyWeight                 = 90                                        {product} {command line}
     intx CICompilerCount                          = 4                                         {product} {ergonomic}
    uintx GCTimeRatio                              = 4                                         {product} {command line}
     bool HeapDumpOnOutOfMemoryError               = true                                   {manageable} {command line}
    ccstr HeapDumpPath                             = c:\Users\lequa\AppData\Roaming\Antigravity\User\workspaceStorage\7c5d4e6f4ddf0854ba8e81d633992a7b\redhat.java         {manageable} {command line}
   size_t InitialHeapSize                          = 104857600                                 {product} {command line}
   size_t MaxHeapSize                              = 2147483648                                {product} {command line}
   size_t MaxNewSize                               = 715653120                                 {product} {ergonomic}
   size_t MinHeapDeltaBytes                        = 524288                                    {product} {ergonomic}
   size_t MinHeapSize                              = 104857600                                 {product} {command line}
   size_t NewSize                                  = 34603008                                  {product} {ergonomic}
    uintx NonNMethodCodeHeapSize                   = 5839372                                {pd product} {ergonomic}
    uintx NonProfiledCodeHeapSize                  = 122909434                              {pd product} {ergonomic}
   size_t OldSize                                  = 70254592                                  {product} {ergonomic}
    uintx ProfiledCodeHeapSize                     = 122909434                              {pd product} {ergonomic}
    uintx ReservedCodeCacheSize                    = 251658240                              {pd product} {ergonomic}
     bool SegmentedCodeCache                       = true                                      {product} {ergonomic}
   size_t SoftMaxHeapSize                          = 2147483648                             {manageable} {ergonomic}
     bool UseCompressedOops                        = true                           {product lp64_product} {ergonomic}
     bool UseLargePagesIndividualAllocation        = false                                  {pd product} {ergonomic}
     bool UseParallelGC                            = true                                      {product} {command line}

Logging:
Log output configuration:
 #0: stdout all=off uptime,level,tags foldmultilines=false
 #1: stderr all=off uptime,level,tags foldmultilines=false

Release file:
JAVA_VERSION="21.0.9" 
MODULES="java.base java.compiler java.datatransfer java.xml java.prefs java.desktop java.instrument java.logging java.management java.security.sasl java.naming java.rmi java.management.rmi java.net.http java.scripting java.security.jgss java.transaction.xa java.sql java.sql.rowset java.xml.crypto java.se java.smartcardio jdk.accessibility jdk.internal.jvmstat jdk.attach jdk.charsets jdk.internal.opt jdk.zipfs jdk.compiler jdk.crypto.ec jdk.crypto.cryptoki jdk.crypto.mscapi jdk.dynalink jdk.internal.ed jdk.editpad jdk.hotspot.agent jdk.httpserver jdk.internal.le jdk.internal.vm.ci jdk.internal.vm.compiler jdk.internal.vm.compiler.management jdk.jartool jdk.javadoc jdk.jcmd jdk.management jdk.management.agent jdk.jconsole jdk.jdeps jdk.jdwp.agent jdk.jdi jdk.jfr jdk.jshell jdk.jsobject jdk.jstatd jdk.localedata jdk.management.jfr jdk.naming.dns jdk.naming.rmi jdk.net jdk.nio.mapmode jdk.random jdk.sctp jdk.security.auth jdk.security.jgss jdk.unsupported jdk.unsupported.desktop jdk.xml.dom" 

Environment Variables:
JAVA_HOME=D:\Java\jdk-21
PATH=C:\Program Files\Volta\;D:\Eclipse Adoptium\jdk-21.0.9.10-hotspot\bin;C:\Program Files\BraveSoftware\Brave-Browser\Application;C:\Program Files\Common Files\Oracle\Java\javapath;C:\Program Files\Python39\Scripts\;C:\Program Files\Python39\;C:\WINDOWS\system32;C:\WINDOWS;C:\WINDOWS\System32\Wbem;C:\WINDOWS\System32\WindowsPowerShell\v1.0\;C:\WINDOWS\System32\OpenSSH\;D:\Git\cmd;D:\MinGW\bin;C:\Program Files\HP\HP One Agent;C:\Program Files\Git\cmd;C:\Program Files\Microsoft SQL Server\Client SDK\ODBC\170\Tools\Binn\;C:\Program Files\dotnet\;C:\Program Files\nodejs\;C:\msys64\mingw64\bin;D:\JetBrains\IntelliJ IDEA Community Edition 2023.3.3\bin;D:\PyCharm 2024.2\bin;C:\Users\lequ;D:\Java\jdk-21\bin;C:\Users\lequa\Downloads\apache-maven-3.9.9\bin;D:\MinGW\bin;C:\Program Files\Microsoft SQL Server\170\DTS\Binn\;D:\cursor\resources\app\bin;D:\apache-maven-3.9.12-bin\apache-maven-3.9.12\bin;C:\Program Files\Cloudflare\Cloudflare WARP\;C:\Program Files\Docker\Docker\resources\bin;d:\AppData\Local\Programs\cursor\resources\app\codeBin;C:\Users\lequa\AppData\Local\Volta\bin;C:\Users\lequa\AppData\Local\Programs\Python\Python314\Scripts\;C:\Users\lequa\AppData\Local\Programs\Python\Python314\;D:\Python313\Scripts\;D:\Python313\;C:\msys64\mingw64\bin;;D:\JetBrains\IntelliJ IDEA Community Edition 2023.3.3\bin;;D:\JetBrains\PyCharm 2025.1.3.1\bin;;C:\Users\lequa\AppData\Local\Muse Hub\lib;D:\JetBrains\IntelliJ IDEA 2025.3.1\bin;D:\JetBrains\WebStorm 2024.2.3\bin;;D:\JetBrains\JetBrains Rider 2024.2.7\bin;;C:\Users\lequa\.dotnet\tools;C:\Users\lequa\AppData\Roaming\npm;C:\Users\lequa\AppData\Local\Python\bin;D:\Antigravity\bin
USERNAME=lequa
OS=Windows_NT
PROCESSOR_IDENTIFIER=Intel64 Family 6 Model 140 Stepping 1, GenuineIntel
TMP=C:\Users\lequa\AppData\Local\Temp
TEMP=C:\Users\lequa\AppData\Local\Temp




Periodic native trim disabled

---------------  S Y S T E M  ---------------

OS:
 Windows 11 , 64 bit Build 22621 (10.0.22621.5415)
OS uptime: 0 days 0:50 hours
Hyper-V role detected

CPU: total 8 (initial active 8) (4 cores per cpu, 2 threads per core) family 6 model 140 stepping 1 microcode 0xb4, cx8, cmov, fxsr, ht, mmx, 3dnowpref, sse, sse2, sse3, ssse3, sse4.1, sse4.2, popcnt, lzcnt, tsc, tscinvbit, avx, avx2, aes, erms, clmul, bmi1, bmi2, adx, avx512f, avx512dq, avx512cd, avx512bw, avx512vl, sha, fma, vzeroupper, avx512_vpopcntdq, avx512_vpclmulqdq, avx512_vaes, avx512_vnni, clflush, clflushopt, clwb, avx512_vbmi2, avx512_vbmi, hv, rdtscp, rdpid, fsrm, gfni, avx512_bitalg, f16c, cet_ibt, cet_ss, avx512_ifma
Processor Information for the first 8 processors :
  Max Mhz: 2401, Current Mhz: 2400, Mhz Limit: 2376

Memory: 4k page, system-wide physical 7834M (129M free)
TotalPageFile size 14988M (AvailPageFile size 9M)
current process WorkingSet (physical memory assigned to process): 67M, peak: 67M
current process commit charge ("private bytes"): 230M, peak: 231M

vm_info: OpenJDK 64-Bit Server VM (21.0.9+10-LTS) for windows-amd64 JRE (21.0.9+10-LTS), built on 2025-10-21T00:00:00Z by "admin" with unknown MS VC++:1942

END.
