#
# There is insufficient memory for the Java Runtime Environment to continue.
# Native memory allocation (malloc) failed to allocate 32744 bytes. Error detail: Chunk::new
# Possible reasons:
#   The system is out of physical RAM or swap space
#   This process is running with CompressedOops enabled, and the Java Heap may be blocking the growth of the native heap
# Possible solutions:
#   Reduce memory load on the system
#   Increase physical memory or swap space
#   Check if swap backing store is full
#   Decrease Java heap size (-Xmx/-Xms)
#   Decrease number of Java threads
#   Decrease Java thread stack sizes (-Xss)
#   Set larger code cache with -XX:ReservedCodeCacheSize=
#   JVM is running with Unscaled Compressed Oops mode in which the Java heap is
#     placed in the first 4GB address space. The Java Heap base address is the
#     maximum limit for the native heap growth. Please use -XX:HeapBaseMinAddress
#     to set the Java Heap base and to place the Java Heap above 4GB virtual address.
# This output file may be truncated or incomplete.
#
#  Out of Memory Error (arena.cpp:168), pid=13908, tid=14756
#
# JRE version: OpenJDK Runtime Environment Temurin-21.0.9+10 (21.0.9+10) (build 21.0.9+10-LTS)
# Java VM: OpenJDK 64-Bit Server VM Temurin-21.0.9+10 (21.0.9+10-LTS, mixed mode, sharing, tiered, compressed oops, compressed class ptrs, parallel gc, windows-amd64)
# No core dump will be written. Minidumps are not enabled by default on client versions of Windows
#

---------------  S U M M A R Y ------------

Command Line: --add-modules=ALL-SYSTEM --add-opens=java.base/java.util=ALL-UNNAMED --add-opens=java.base/java.lang=ALL-UNNAMED --add-opens=java.base/sun.nio.fs=ALL-UNNAMED -Declipse.application=org.eclipse.jdt.ls.core.id1 -Dosgi.bundles.defaultStartLevel=4 -Declipse.product=org.eclipse.jdt.ls.core.product -Djava.import.generatesMetadataFilesAtProjectRoot=false -DDetectVMInstallationsJob.disabled=true -Dfile.encoding=utf8 -XX:+UseParallelGC -XX:GCTimeRatio=4 -XX:AdaptiveSizePolicyWeight=90 -Dsun.zip.disableMemoryMapping=true -Xmx2G -Xms100m -Xlog:disable -javaagent:c:\Users\lequa\.antigravity\extensions\redhat.java-1.52.0-win32-x64\lombok\lombok-1.18.39-4050.jar -XX:+HeapDumpOnOutOfMemoryError -XX:HeapDumpPath=c:\Users\lequa\AppData\Roaming\Antigravity\User\workspaceStorage\7c5d4e6f4ddf0854ba8e81d633992a7b\redhat.java -Daether.dependencyCollector.impl=bf c:\Users\lequa\.antigravity\extensions\redhat.java-1.52.0-win32-x64\server\plugins\org.eclipse.equinox.launcher_1.7.100.v20251111-0406.jar -configuration c:\Users\lequa\AppData\Roaming\Antigravity\User\globalStorage\redhat.java\1.52.0\config_win -data c:\Users\lequa\AppData\Roaming\Antigravity\User\workspaceStorage\7c5d4e6f4ddf0854ba8e81d633992a7b\redhat.java\jdt_ws --pipe=\\.\pipe\lsp-4308605c98d7e4ee3d26566996989887-sock

Host: 11th Gen Intel(R) Core(TM) i5-1135G7 @ 2.40GHz, 8 cores, 7G,  Windows 11 , 64 bit Build 22621 (10.0.22621.5415)
Time: Sat Mar  7 15:04:22 2026 SE Asia Standard Time elapsed time: 2.192268 seconds (0d 0h 0m 2s)

---------------  T H R E A D  ---------------

Current thread (0x000002496c90e390):  JavaThread "C1 CompilerThread0" daemon [_thread_in_vm, id=14756, stack(0x00000062dc600000,0x00000062dc700000) (1024K)]


Current CompileTask:
C1:2192 1343       3       java.io.File::<init> (47 bytes)

Stack: [0x00000062dc600000,0x00000062dc700000]
Native frames: (J=compiled Java code, j=interpreted, Vv=VM code, C=native code)
V  [jvm.dll+0x6d6e29]
V  [jvm.dll+0x8b4b76]
V  [jvm.dll+0x8b712e]
V  [jvm.dll+0x8b7813]
V  [jvm.dll+0x283d86]
V  [jvm.dll+0xc66ed]
V  [jvm.dll+0xc6c31]
V  [jvm.dll+0x1fe15b]
V  [jvm.dll+0x1e9733]
V  [jvm.dll+0x25b137]
V  [jvm.dll+0x25982a]
V  [jvm.dll+0x3f7ea6]
V  [jvm.dll+0x85e9ad]
V  [jvm.dll+0x6d565d]
C  [ucrtbase.dll+0x29333]
C  [KERNEL32.DLL+0x1259d]
C  [ntdll.dll+0x5af78]


---------------  P R O C E S S  ---------------

Threads class SMR info:
_java_thread_list=0x000002496e4b3990, length=11, elements={
0x0000024955e86490, 0x000002496c8f4f80, 0x000002496c8f7f50, 0x000002496c8feae0,
0x000002496c8ff9f0, 0x000002496c903ea0, 0x000002496e183550, 0x000002496c90d720,
0x000002496c90e390, 0x000002496e181480, 0x000002496e181b10
}

Java Threads: ( => current thread )
  0x0000024955e86490 JavaThread "main"                              [_thread_in_native, id=3504, stack(0x00000062dbb00000,0x00000062dbc00000) (1024K)]
  0x000002496c8f4f80 JavaThread "Reference Handler"          daemon [_thread_blocked, id=10976, stack(0x00000062dbf00000,0x00000062dc000000) (1024K)]
  0x000002496c8f7f50 JavaThread "Finalizer"                  daemon [_thread_blocked, id=17240, stack(0x00000062dc000000,0x00000062dc100000) (1024K)]
  0x000002496c8feae0 JavaThread "Signal Dispatcher"          daemon [_thread_blocked, id=15972, stack(0x00000062dc100000,0x00000062dc200000) (1024K)]
  0x000002496c8ff9f0 JavaThread "Attach Listener"            daemon [_thread_blocked, id=4796, stack(0x00000062dc200000,0x00000062dc300000) (1024K)]
  0x000002496c903ea0 JavaThread "Service Thread"             daemon [_thread_blocked, id=3192, stack(0x00000062dc300000,0x00000062dc400000) (1024K)]
  0x000002496e183550 JavaThread "Monitor Deflation Thread"   daemon [_thread_blocked, id=1296, stack(0x00000062dc400000,0x00000062dc500000) (1024K)]
  0x000002496c90d720 JavaThread "C2 CompilerThread0"         daemon [_thread_blocked, id=1628, stack(0x00000062dc500000,0x00000062dc600000) (1024K)]
=>0x000002496c90e390 JavaThread "C1 CompilerThread0"         daemon [_thread_in_vm, id=14756, stack(0x00000062dc600000,0x00000062dc700000) (1024K)]
  0x000002496e181480 JavaThread "Common-Cleaner"             daemon [_thread_blocked, id=5496, stack(0x00000062dc700000,0x00000062dc800000) (1024K)]
  0x000002496e181b10 JavaThread "Notification Thread"        daemon [_thread_blocked, id=6236, stack(0x00000062dc800000,0x00000062dc900000) (1024K)]
Total: 11

Other Threads:
  0x000002496c8f4360 VMThread "VM Thread"                           [id=6052, stack(0x00000062dbe00000,0x00000062dbf00000) (1024K)]
  0x0000024955ef2cf0 WatcherThread "VM Periodic Task Thread"        [id=16696, stack(0x00000062dbd00000,0x00000062dbe00000) (1024K)]
  0x0000024955ea5e70 WorkerThread "GC Thread#0"                     [id=5000, stack(0x00000062dbc00000,0x00000062dbd00000) (1024K)]
  0x000002496e72ecf0 WorkerThread "GC Thread#1"                     [id=13220, stack(0x00000062dc900000,0x00000062dca00000) (1024K)]
  0x000002496e8d4080 WorkerThread "GC Thread#2"                     [id=4284, stack(0x00000062dca00000,0x00000062dcb00000) (1024K)]
  0x000002496e8d4420 WorkerThread "GC Thread#3"                     [id=12064, stack(0x00000062dcb00000,0x00000062dcc00000) (1024K)]
  0x000002496e9ce580 WorkerThread "GC Thread#4"                     [id=4492, stack(0x00000062dcc00000,0x00000062dcd00000) (1024K)]
  0x000002496e9ce920 WorkerThread "GC Thread#5"                     [id=10700, stack(0x00000062dcd00000,0x00000062dce00000) (1024K)]
  0x000002496e9cecc0 WorkerThread "GC Thread#6"                     [id=8716, stack(0x00000062dce00000,0x00000062dcf00000) (1024K)]
Total: 9

Threads with active compile tasks:
C1 CompilerThread0  2457 1343       3       java.io.File::<init> (47 bytes)
Total: 1

VM state: not at safepoint (normal execution)

VM Mutex/Monitor currently owned by a thread: None

Heap address: 0x0000000080000000, size: 2048 MB, Compressed Oops mode: 32-bit

CDS archive(s) mapped at: [0x0000024900000000-0x0000024900ba0000-0x0000024900ba0000), size 12189696, SharedBaseAddress: 0x0000024900000000, ArchiveRelocationMode: 1.
Compressed class space mapped at: 0x0000024901000000-0x0000024941000000, reserved size: 1073741824
Narrow klass base: 0x0000024900000000, Narrow klass shift: 0, Narrow klass range: 0x100000000

GC Precious Log:
 CardTable entry size: 512
 CPUs: 8 total, 8 available
 Memory: 7834M
 Large Page Support: Disabled
 NUMA Support: Disabled
 Compressed Oops: Enabled (32-bit)
 Alignments: Space 512K, Generation 512K, Heap 2M
 Heap Min Capacity: 100M
 Heap Initial Capacity: 100M
 Heap Max Capacity: 2G
 Pre-touch: Disabled
 Parallel Workers: 8

Heap:
 PSYoungGen      total 29696K, used 14483K [0x00000000d5580000, 0x00000000d7680000, 0x0000000100000000)
  eden space 25600K, 43% used [0x00000000d5580000,0x00000000d606f158,0x00000000d6e80000)
  from space 4096K, 80% used [0x00000000d6e80000,0x00000000d71b5e88,0x00000000d7280000)
  to   space 4096K, 0% used [0x00000000d7280000,0x00000000d7280000,0x00000000d7680000)
 ParOldGen       total 68608K, used 16K [0x0000000080000000, 0x0000000084300000, 0x00000000d5580000)
  object space 68608K, 0% used [0x0000000080000000,0x0000000080004000,0x0000000084300000)
 Metaspace       used 6203K, committed 6464K, reserved 1114112K
  class space    used 633K, committed 768K, reserved 1048576K

Card table byte_map: [0x0000024955800000,0x0000024955c10000] _byte_map_base: 0x0000024955400000

Marking Bits: (ParMarkBitMap*) 0x00007ffe58312460
 Begin Bits: [0x0000024968310000, 0x000002496a310000)
 End Bits:   [0x000002496a310000, 0x000002496c310000)

Polling page: 0x0000024953cd0000

Metaspace:

Usage:
  Non-class:      5.44 MB used.
      Class:    633.35 KB used.
       Both:      6.06 MB used.

Virtual space:
  Non-class space:       64.00 MB reserved,       5.56 MB (  9%) committed,  1 nodes.
      Class space:        1.00 GB reserved,     768.00 KB ( <1%) committed,  1 nodes.
             Both:        1.06 GB reserved,       6.31 MB ( <1%) committed. 

Chunk freelists:
   Non-Class:  9.89 MB
       Class:  15.06 MB
        Both:  24.95 MB

MaxMetaspaceSize: unlimited
CompressedClassSpaceSize: 1.00 GB
Initial GC threshold: 21.00 MB
Current GC threshold: 21.00 MB
CDS: on
 - commit_granule_bytes: 65536.
 - commit_granule_words: 8192.
 - virtual_space_node_default_size: 8388608.
 - enlarge_chunks_in_place: 1.
 - use_allocation_guard: 0.


Internal statistics:

num_allocs_failed_limit: 0.
num_arena_births: 190.
num_arena_deaths: 0.
num_vsnodes_births: 2.
num_vsnodes_deaths: 0.
num_space_committed: 101.
num_space_uncommitted: 0.
num_chunks_returned_to_freelist: 0.
num_chunks_taken_from_freelist: 320.
num_chunk_merges: 0.
num_chunk_splits: 206.
num_chunks_enlarged: 131.
num_inconsistent_stats: 0.

CodeHeap 'non-profiled nmethods': size=120000Kb used=581Kb max_used=581Kb free=119418Kb
 bounds [0x0000024960b30000, 0x0000024960da0000, 0x0000024968060000]
CodeHeap 'profiled nmethods': size=120000Kb used=2294Kb max_used=2294Kb free=117705Kb
 bounds [0x0000024959060000, 0x00000249592d0000, 0x0000024960590000]
CodeHeap 'non-nmethods': size=5760Kb used=1216Kb max_used=1246Kb free=4543Kb
 bounds [0x0000024960590000, 0x0000024960800000, 0x0000024960b30000]
CodeCache: size=245760Kb, used=4091Kb, max_used=4121Kb, free=241666Kb
 total_blobs=1816, nmethods=1345, adapters=378, full_count=0
Compilation: enabled, stopped_count=0, restarted_count=0

Compilation events (20 events):
Event: 2.150 Thread 0x000002496c90e390 nmethod 1333 0x0000024960babc90 code [0x0000024960babe20, 0x0000024960babee8]
Event: 2.151 Thread 0x000002496c90e390 1334       3       sun.net.www.protocol.jar.Handler::parseURL (173 bytes)
Event: 2.152 Thread 0x000002496c90e390 nmethod 1334 0x0000024959295390 code [0x0000024959295640, 0x0000024959296000]
Event: 2.152 Thread 0x000002496c90e390 1335       3       sun.net.www.protocol.jar.Handler::indexOfBangSlash (52 bytes)
Event: 2.153 Thread 0x000002496c90e390 nmethod 1335 0x0000024959296490 code [0x0000024959296700, 0x00000249592971a8]
Event: 2.153 Thread 0x000002496c90e390 1336       3       java.net.URLStreamHandler::setURL (159 bytes)
Event: 2.155 Thread 0x000002496c90e390 nmethod 1336 0x0000024959297610 code [0x00000249592979a0, 0x0000024959298e08]
Event: 2.167 Thread 0x000002496c90e390 1337       3       java.net.URL::toString (5 bytes)
Event: 2.168 Thread 0x000002496c90e390 nmethod 1337 0x0000024959299710 code [0x00000249592998c0, 0x0000024959299af8]
Event: 2.173 Thread 0x000002496c90e390 1338       3       sun.net.util.IPAddressUtil::checkHostString (64 bytes)
Event: 2.173 Thread 0x000002496c90e390 nmethod 1338 0x0000024959299c10 code [0x0000024959299de0, 0x0000024959299fe8]
Event: 2.180 Thread 0x000002496c90e390 1339       3       java.lang.ClassLoader::defineClass (43 bytes)
Event: 2.180 Thread 0x000002496c90e390 nmethod 1339 0x000002495929a090 code [0x000002495929a2a0, 0x000002495929a7b0]
Event: 2.181 Thread 0x000002496c90e390 1340       3       java.lang.ClassLoader::preDefineClass (118 bytes)
Event: 2.182 Thread 0x000002496c90e390 nmethod 1340 0x000002495929aa10 code [0x000002495929ad80, 0x000002495929bf20]
Event: 2.184 Thread 0x000002496c90e390 1341   !   3       java.lang.ClassLoader::addClass (27 bytes)
Event: 2.185 Thread 0x000002496c90e390 nmethod 1341 0x000002495929c610 code [0x000002495929c800, 0x000002495929cd80]
Event: 2.185 Thread 0x000002496c90e390 1342       3       java.lang.ClassLoader::getNamedPackage (73 bytes)
Event: 2.185 Thread 0x000002496c90e390 nmethod 1342 0x000002495929d090 code [0x000002495929d280, 0x000002495929d7e0]
Event: 2.190 Thread 0x000002496c90e390 1343       3       java.io.File::<init> (47 bytes)

GC Heap History (2 events):
Event: 1.747 GC heap before
{Heap before GC invocations=1 (full 0):
 PSYoungGen      total 29696K, used 25600K [0x00000000d5580000, 0x00000000d7680000, 0x0000000100000000)
  eden space 25600K, 100% used [0x00000000d5580000,0x00000000d6e80000,0x00000000d6e80000)
  from space 4096K, 0% used [0x00000000d7280000,0x00000000d7280000,0x00000000d7680000)
  to   space 4096K, 0% used [0x00000000d6e80000,0x00000000d6e80000,0x00000000d7280000)
 ParOldGen       total 68608K, used 0K [0x0000000080000000, 0x0000000084300000, 0x00000000d5580000)
  object space 68608K, 0% used [0x0000000080000000,0x0000000080000000,0x0000000084300000)
 Metaspace       used 4330K, committed 4544K, reserved 1114112K
  class space    used 472K, committed 576K, reserved 1048576K
}
Event: 1.755 GC heap after
{Heap after GC invocations=1 (full 0):
 PSYoungGen      total 29696K, used 3287K [0x00000000d5580000, 0x00000000d7680000, 0x0000000100000000)
  eden space 25600K, 0% used [0x00000000d5580000,0x00000000d5580000,0x00000000d6e80000)
  from space 4096K, 80% used [0x00000000d6e80000,0x00000000d71b5e88,0x00000000d7280000)
  to   space 4096K, 0% used [0x00000000d7280000,0x00000000d7280000,0x00000000d7680000)
 ParOldGen       total 68608K, used 16K [0x0000000080000000, 0x0000000084300000, 0x00000000d5580000)
  object space 68608K, 0% used [0x0000000080000000,0x0000000080004000,0x0000000084300000)
 Metaspace       used 4330K, committed 4544K, reserved 1114112K
  class space    used 472K, committed 576K, reserved 1048576K
}

Dll operation events (8 events):
Event: 0.126 Loaded shared library c:\Users\lequa\.antigravity\extensions\redhat.java-1.52.0-win32-x64\jre\21.0.9-win32-x86_64\bin\java.dll
Event: 0.315 Loaded shared library c:\Users\lequa\.antigravity\extensions\redhat.java-1.52.0-win32-x64\jre\21.0.9-win32-x86_64\bin\zip.dll
Event: 0.352 Loaded shared library C:\Users\lequa\.antigravity\extensions\redhat.java-1.52.0-win32-x64\jre\21.0.9-win32-x86_64\bin\instrument.dll
Event: 0.403 Loaded shared library C:\Users\lequa\.antigravity\extensions\redhat.java-1.52.0-win32-x64\jre\21.0.9-win32-x86_64\bin\net.dll
Event: 0.427 Loaded shared library C:\Users\lequa\.antigravity\extensions\redhat.java-1.52.0-win32-x64\jre\21.0.9-win32-x86_64\bin\nio.dll
Event: 0.439 Loaded shared library C:\Users\lequa\.antigravity\extensions\redhat.java-1.52.0-win32-x64\jre\21.0.9-win32-x86_64\bin\zip.dll
Event: 0.474 Loaded shared library C:\Users\lequa\.antigravity\extensions\redhat.java-1.52.0-win32-x64\jre\21.0.9-win32-x86_64\bin\jimage.dll
Event: 0.724 Loaded shared library c:\Users\lequa\.antigravity\extensions\redhat.java-1.52.0-win32-x64\jre\21.0.9-win32-x86_64\bin\verify.dll

Deoptimization events (20 events):
Event: 1.878 Thread 0x0000024955e86490 Uncommon trap: trap_request=0xffffffde fr.pc=0x0000024960b7ac14 relative=0x0000000000000574
Event: 1.878 Thread 0x0000024955e86490 Uncommon trap: reason=class_check action=maybe_recompile pc=0x0000024960b7ac14 method=java.util.Collections$UnmodifiableCollection$1.<init>(Ljava/util/Collections$UnmodifiableCollection;)V @ 17 c2
Event: 1.878 Thread 0x0000024955e86490 DEOPT PACKING pc=0x0000024960b7ac14 sp=0x00000062dbbfe7d0
Event: 1.878 Thread 0x0000024955e86490 DEOPT UNPACKING pc=0x00000249605e6da2 sp=0x00000062dbbfe718 mode 2
Event: 1.878 Thread 0x0000024955e86490 Uncommon trap: trap_request=0xffffff45 fr.pc=0x0000024960b989bc relative=0x000000000000027c
Event: 1.878 Thread 0x0000024955e86490 Uncommon trap: reason=unstable_if action=reinterpret pc=0x0000024960b989bc method=java.util.HashMap.hash(Ljava/lang/Object;)I @ 1 c2
Event: 1.878 Thread 0x0000024955e86490 DEOPT PACKING pc=0x0000024960b989bc sp=0x00000062dbbfe750
Event: 1.878 Thread 0x0000024955e86490 DEOPT UNPACKING pc=0x00000249605e6da2 sp=0x00000062dbbfe648 mode 2
Event: 1.887 Thread 0x0000024955e86490 Uncommon trap: trap_request=0xffffff45 fr.pc=0x0000024960b8b250 relative=0x00000000000000b0
Event: 1.887 Thread 0x0000024955e86490 Uncommon trap: reason=unstable_if action=reinterpret pc=0x0000024960b8b250 method=java.util.HashMap.hash(Ljava/lang/Object;)I @ 1 c2
Event: 1.887 Thread 0x0000024955e86490 DEOPT PACKING pc=0x0000024960b8b250 sp=0x00000062dbbfe690
Event: 1.887 Thread 0x0000024955e86490 DEOPT UNPACKING pc=0x00000249605e6da2 sp=0x00000062dbbfe628 mode 2
Event: 1.887 Thread 0x0000024955e86490 Uncommon trap: trap_request=0xffffffde fr.pc=0x0000024960b7ac14 relative=0x0000000000000574
Event: 1.887 Thread 0x0000024955e86490 Uncommon trap: reason=class_check action=maybe_recompile pc=0x0000024960b7ac14 method=java.util.Collections$UnmodifiableCollection$1.<init>(Ljava/util/Collections$UnmodifiableCollection;)V @ 17 c2
Event: 1.887 Thread 0x0000024955e86490 DEOPT PACKING pc=0x0000024960b7ac14 sp=0x00000062dbbfe7d0
Event: 1.887 Thread 0x0000024955e86490 DEOPT UNPACKING pc=0x00000249605e6da2 sp=0x00000062dbbfe718 mode 2
Event: 2.154 Thread 0x0000024955e86490 Uncommon trap: trap_request=0xffffff45 fr.pc=0x0000024960b809cc relative=0x000000000000108c
Event: 2.154 Thread 0x0000024955e86490 Uncommon trap: reason=unstable_if action=reinterpret pc=0x0000024960b809cc method=lombok.patcher.PatchScript.classMatches(Ljava/lang/String;Ljava/util/Collection;)Z @ 25 c2
Event: 2.154 Thread 0x0000024955e86490 DEOPT PACKING pc=0x0000024960b809cc sp=0x00000062dbbf8aa0
Event: 2.154 Thread 0x0000024955e86490 DEOPT UNPACKING pc=0x00000249605e6da2 sp=0x00000062dbbf8a08 mode 2

Classes loaded (20 events):
Event: 2.075 Loading class java/util/concurrent/SynchronousQueue$Transferer
Event: 2.075 Loading class java/util/concurrent/LinkedTransferQueue
Event: 2.075 Loading class java/util/concurrent/TransferQueue
Event: 2.076 Loading class java/util/concurrent/TransferQueue done
Event: 2.076 Loading class java/util/concurrent/LinkedTransferQueue done
Event: 2.076 Loading class java/util/concurrent/SynchronousQueue$Transferer done
Event: 2.076 Loading class java/util/concurrent/LinkedTransferQueue$DualNode
Event: 2.076 Loading class java/util/concurrent/LinkedTransferQueue$DualNode done
Event: 2.078 Loading class java/util/concurrent/RejectedExecutionHandler
Event: 2.078 Loading class java/util/concurrent/RejectedExecutionHandler done
Event: 2.078 Loading class java/util/concurrent/LinkedBlockingQueue
Event: 2.079 Loading class java/util/concurrent/LinkedBlockingQueue done
Event: 2.079 Loading class java/util/concurrent/LinkedBlockingQueue$Node
Event: 2.079 Loading class java/util/concurrent/LinkedBlockingQueue$Node done
Event: 2.093 Loading class java/util/concurrent/Semaphore$NonfairSync
Event: 2.093 Loading class java/util/concurrent/Semaphore$Sync
Event: 2.093 Loading class java/util/concurrent/Semaphore$Sync done
Event: 2.093 Loading class java/util/concurrent/Semaphore$NonfairSync done
Event: 2.170 Loading class java/lang/TypeNotPresentException
Event: 2.171 Loading class java/lang/TypeNotPresentException done

Classes unloaded (0 events):
No events

Classes redefined (0 events):
No events

Internal exceptions (20 events):
Event: 1.398 Thread 0x0000024955e86490 Exception <a 'java/io/FileNotFoundException'{0x00000000d64cdec8}> (0x00000000d64cdec8) 
thrown [s\src\hotspot\share\prims\jni.cpp, line 520]
Event: 1.401 Thread 0x0000024955e86490 Exception <a 'java/io/FileNotFoundException'{0x00000000d64cf200}> (0x00000000d64cf200) 
thrown [s\src\hotspot\share\prims\jni.cpp, line 520]
Event: 1.407 Thread 0x0000024955e86490 Exception <a 'java/io/FileNotFoundException'{0x00000000d64cfe88}> (0x00000000d64cfe88) 
thrown [s\src\hotspot\share\prims\jni.cpp, line 520]
Event: 1.409 Thread 0x0000024955e86490 Exception <a 'java/io/FileNotFoundException'{0x00000000d64d09f8}> (0x00000000d64d09f8) 
thrown [s\src\hotspot\share\prims\jni.cpp, line 520]
Event: 1.415 Thread 0x0000024955e86490 Implicit null exception at 0x0000024960b65424 to 0x0000024960b65a24
Event: 1.427 Thread 0x0000024955e86490 Exception <a 'java/io/FileNotFoundException'{0x00000000d650abc8}> (0x00000000d650abc8) 
thrown [s\src\hotspot\share\prims\jni.cpp, line 520]
Event: 1.460 Thread 0x0000024955e86490 Exception <a 'java/lang/NoSuchMethodError'{0x00000000d6547528}: 'java.lang.Object java.lang.invoke.DirectMethodHandle$Holder.invokeInterface(java.lang.Object, java.lang.Object)'> (0x00000000d6547528) 
thrown [s\src\hotspot\share\interpreter\linkResolver.cpp, line 773]
Event: 1.465 Thread 0x0000024955e86490 Exception <a 'java/lang/NoSuchMethodError'{0x00000000d655afc0}: 'java.lang.Object java.lang.invoke.Invokers$Holder.invokeExact_MT(java.lang.Object, java.lang.Object, java.lang.Object, java.lang.Object, java.lang.Object, java.lang.Object)'> (0x00000000d655afc0) 
thrown [s\src\hotspot\share\interpreter\linkResolver.cpp, line 773]
Event: 1.470 Thread 0x0000024955e86490 Exception <a 'java/lang/NoSuchMethodError'{0x00000000d6572098}: 'int java.lang.invoke.DirectMethodHandle$Holder.invokeStatic(java.lang.Object, java.lang.Object, java.lang.Object, java.lang.Object, java.lang.Object)'> (0x00000000d6572098) 
thrown [s\src\hotspot\share\interpreter\linkResolver.cpp, line 773]
Event: 1.502 Thread 0x0000024955e86490 Exception <a 'java/lang/NoSuchMethodError'{0x00000000d6607638}: 'java.lang.Object java.lang.invoke.DirectMethodHandle$Holder.invokeInterface(java.lang.Object, java.lang.Object, int)'> (0x00000000d6607638) 
thrown [s\src\hotspot\share\interpreter\linkResolver.cpp, line 773]
Event: 1.682 Thread 0x0000024955e86490 Exception <a 'java/lang/NoSuchMethodError'{0x00000000d6a71498}: 'java.lang.ClassLoader java.lang.ClassLoader.getPlatformClassLoader(java.lang.Class)'> (0x00000000d6a71498) 
thrown [s\src\hotspot\share\interpreter\linkResolver.cpp, line 773]
Event: 1.759 Thread 0x0000024955e86490 Exception <a 'java/lang/ClassNotFoundException'{0x00000000d558ddb8}: sun/net/www/protocol/c/Handler> (0x00000000d558ddb8) 
thrown [s\src\hotspot\share\classfile\systemDictionary.cpp, line 312]
Event: 1.760 Thread 0x0000024955e86490 Exception <a 'java/lang/ClassNotFoundException'{0x00000000d558f140}: sun/net/www/protocol/d/Handler> (0x00000000d558f140) 
thrown [s\src\hotspot\share\classfile\systemDictionary.cpp, line 312]
Event: 1.760 Thread 0x0000024955e86490 Exception <a 'java/lang/ClassNotFoundException'{0x00000000d5590300}: sun/net/www/protocol/c/Handler> (0x00000000d5590300) 
thrown [s\src\hotspot\share\classfile\systemDictionary.cpp, line 312]
Event: 1.812 Thread 0x0000024955e86490 Exception <a 'java/io/FileNotFoundException'{0x00000000d55ba270}> (0x00000000d55ba270) 
thrown [s\src\hotspot\share\prims\jni.cpp, line 520]
Event: 1.878 Thread 0x0000024955e86490 Implicit null exception at 0x0000024960b99629 to 0x0000024960b99ec8
Event: 1.878 Thread 0x0000024955e86490 Implicit null exception at 0x0000024960b9879a to 0x0000024960b989a4
Event: 1.879 Thread 0x0000024955e86490 Exception <a 'java/lang/NoSuchMethodError'{0x00000000d56ebc70}: 'void java.lang.invoke.DirectMethodHandle$Holder.invokeStatic(java.lang.Object, java.lang.Object, java.lang.Object, java.lang.Object)'> (0x00000000d56ebc70) 
thrown [s\src\hotspot\share\interpreter\linkResolver.cpp, line 773]
Event: 1.887 Thread 0x0000024955e86490 Implicit null exception at 0x0000024960b8b1bd to 0x0000024960b8b241
Event: 2.038 Thread 0x0000024955e86490 Exception <a 'java/lang/NoSuchMethodError'{0x00000000d59d6c18}: 'void java.lang.invoke.DirectMethodHandle$Holder.invokeSpecial(java.lang.Object, java.lang.Object, java.lang.Object)'> (0x00000000d59d6c18) 
thrown [s\src\hotspot\share\interpreter\linkResolver.cpp, line 773]

ZGC Phase Switch (0 events):
No events

VM Operations (10 events):
Event: 0.308 Executing VM operation: HandshakeAllThreads (Deoptimize)
Event: 0.308 Executing VM operation: HandshakeAllThreads (Deoptimize) done
Event: 0.511 Executing VM operation: HandshakeAllThreads (Deoptimize)
Event: 0.511 Executing VM operation: HandshakeAllThreads (Deoptimize) done
Event: 1.327 Executing VM operation: HandshakeAllThreads (Deoptimize)
Event: 1.327 Executing VM operation: HandshakeAllThreads (Deoptimize) done
Event: 1.327 Executing VM operation: Cleanup
Event: 1.327 Executing VM operation: Cleanup done
Event: 1.747 Executing VM operation: ParallelGCFailedAllocation (Allocation Failure)
Event: 1.755 Executing VM operation: ParallelGCFailedAllocation (Allocation Failure) done

Memory protections (0 events):
No events

Nmethod flushes (0 events):
No events

Events (11 events):
Event: 0.190 Thread 0x0000024955e86490 Thread added: 0x0000024955e86490
Event: 0.250 Thread 0x0000024955e86490 Thread added: 0x000002496c8f4f80
Event: 0.251 Thread 0x0000024955e86490 Thread added: 0x000002496c8f7f50
Event: 0.251 Thread 0x0000024955e86490 Thread added: 0x000002496c8feae0
Event: 0.251 Thread 0x0000024955e86490 Thread added: 0x000002496c8ff9f0
Event: 0.252 Thread 0x0000024955e86490 Thread added: 0x000002496c903ea0
Event: 0.252 Thread 0x0000024955e86490 Thread added: 0x000002496e183550
Event: 0.252 Thread 0x0000024955e86490 Thread added: 0x000002496c90d720
Event: 0.252 Thread 0x0000024955e86490 Thread added: 0x000002496c90e390
Event: 0.364 Thread 0x0000024955e86490 Thread added: 0x000002496e181480
Event: 1.063 Thread 0x0000024955e86490 Thread added: 0x000002496e181b10


Dynamic libraries:
0x00007ff7d2d10000 - 0x00007ff7d2d1e000 	c:\Users\lequa\.antigravity\extensions\redhat.java-1.52.0-win32-x64\jre\21.0.9-win32-x86_64\bin\java.exe
0x00007ffef1810000 - 0x00007ffef1a28000 	C:\WINDOWS\SYSTEM32\ntdll.dll
0x00007ffef08d0000 - 0x00007ffef0994000 	C:\WINDOWS\System32\KERNEL32.DLL
0x00007ffeee920000 - 0x00007ffeeecf3000 	C:\WINDOWS\System32\KERNELBASE.dll
0x00007ffeeeec0000 - 0x00007ffeeefd1000 	C:\WINDOWS\System32\ucrtbase.dll
0x00007ffea3120000 - 0x00007ffea3138000 	c:\Users\lequa\.antigravity\extensions\redhat.java-1.52.0-win32-x64\jre\21.0.9-win32-x86_64\bin\jli.dll
0x00007ffef0540000 - 0x00007ffef06f2000 	C:\WINDOWS\System32\USER32.dll
0x00007ffeeedf0000 - 0x00007ffeeee16000 	C:\WINDOWS\System32\win32u.dll
0x00007ffef1640000 - 0x00007ffef1669000 	C:\WINDOWS\System32\GDI32.dll
0x00007ffeef0e0000 - 0x00007ffeef1fb000 	C:\WINDOWS\System32\gdi32full.dll
0x00007ffeeee20000 - 0x00007ffeeeeba000 	C:\WINDOWS\System32\msvcp_win.dll
0x00007ffea9790000 - 0x00007ffea97ae000 	c:\Users\lequa\.antigravity\extensions\redhat.java-1.52.0-win32-x64\jre\21.0.9-win32-x86_64\bin\VCRUNTIME140.dll
0x00007ffee29d0000 - 0x00007ffee2c6c000 	C:\WINDOWS\WinSxS\amd64_microsoft.windows.common-controls_6595b64144ccf1df_6.0.22621.6060_none_2712eda17382d24b\COMCTL32.dll
0x00007ffef0af0000 - 0x00007ffef0b97000 	C:\WINDOWS\System32\msvcrt.dll
0x00007ffef1790000 - 0x00007ffef17c1000 	C:\WINDOWS\System32\IMM32.DLL
0x0000000051790000 - 0x000000005179d000 	D:\360\Total Security\safemon\SafeWrapper.dll
0x00007ffef0ca0000 - 0x00007ffef0d51000 	C:\WINDOWS\System32\ADVAPI32.dll
0x00007ffef1510000 - 0x00007ffef15b8000 	C:\WINDOWS\System32\sechost.dll
0x00007ffeeed00000 - 0x00007ffeeed28000 	C:\WINDOWS\System32\bcrypt.dll
0x00007ffef0700000 - 0x00007ffef0818000 	C:\WINDOWS\System32\RPCRT4.dll
0x00007ffee4940000 - 0x00007ffee4a45000 	D:\360\Total Security\safemon\libzdtp64.dll
0x00007ffeefaf0000 - 0x00007ffef038c000 	C:\WINDOWS\System32\SHELL32.dll
0x00007ffeef200000 - 0x00007ffeef33f000 	C:\WINDOWS\System32\wintypes.dll
0x00007ffef1080000 - 0x00007ffef1411000 	C:\WINDOWS\System32\combase.dll
0x00007ffef09a0000 - 0x00007ffef0a09000 	C:\WINDOWS\System32\SHLWAPI.dll
0x00007ffeee2d0000 - 0x00007ffeee2da000 	C:\WINDOWS\SYSTEM32\VERSION.dll
0x00007ffed1610000 - 0x00007ffed161c000 	c:\Users\lequa\.antigravity\extensions\redhat.java-1.52.0-win32-x64\jre\21.0.9-win32-x86_64\bin\vcruntime140_1.dll
0x00007ffe985d0000 - 0x00007ffe9865d000 	c:\Users\lequa\.antigravity\extensions\redhat.java-1.52.0-win32-x64\jre\21.0.9-win32-x86_64\bin\msvcp140.dll
0x00007ffe57650000 - 0x00007ffe583f0000 	c:\Users\lequa\.antigravity\extensions\redhat.java-1.52.0-win32-x64\jre\21.0.9-win32-x86_64\bin\server\jvm.dll
0x00007ffef1490000 - 0x00007ffef1501000 	C:\WINDOWS\System32\WS2_32.dll
0x00007ffeee7f0000 - 0x00007ffeee83d000 	C:\WINDOWS\SYSTEM32\POWRPROF.dll
0x00007ffee4f50000 - 0x00007ffee4f84000 	C:\WINDOWS\SYSTEM32\WINMM.dll
0x00007ffeee7d0000 - 0x00007ffeee7e3000 	C:\WINDOWS\SYSTEM32\UMPDC.dll
0x00007ffeed850000 - 0x00007ffeed868000 	C:\WINDOWS\SYSTEM32\kernel.appcore.dll
0x00007ffece400000 - 0x00007ffece40a000 	c:\Users\lequa\.antigravity\extensions\redhat.java-1.52.0-win32-x64\jre\21.0.9-win32-x86_64\bin\jimage.dll
0x00007ffeec260000 - 0x00007ffeec493000 	C:\WINDOWS\SYSTEM32\DBGHELP.DLL
0x00007ffef0a10000 - 0x00007ffef0ae8000 	C:\WINDOWS\System32\OLEAUT32.dll
0x00007ffee1e70000 - 0x00007ffee1ea2000 	C:\WINDOWS\SYSTEM32\dbgcore.DLL
0x00007ffeeefe0000 - 0x00007ffeef05b000 	C:\WINDOWS\System32\bcryptPrimitives.dll
0x00007ffead190000 - 0x00007ffead19f000 	c:\Users\lequa\.antigravity\extensions\redhat.java-1.52.0-win32-x64\jre\21.0.9-win32-x86_64\bin\instrument.dll
0x00007ffe9f310000 - 0x00007ffe9f330000 	c:\Users\lequa\.antigravity\extensions\redhat.java-1.52.0-win32-x64\jre\21.0.9-win32-x86_64\bin\java.dll
0x00007ffeec760000 - 0x00007ffeed07a000 	C:\WINDOWS\SYSTEM32\windows.storage.dll
0x00007ffef0420000 - 0x00007ffef0524000 	C:\WINDOWS\System32\SHCORE.dll
0x00007ffeee850000 - 0x00007ffeee875000 	C:\WINDOWS\SYSTEM32\profapi.dll
0x00007ffe9e7a0000 - 0x00007ffe9e7b8000 	c:\Users\lequa\.antigravity\extensions\redhat.java-1.52.0-win32-x64\jre\21.0.9-win32-x86_64\bin\zip.dll
0x00007ffece070000 - 0x00007ffece080000 	C:\Users\lequa\.antigravity\extensions\redhat.java-1.52.0-win32-x64\jre\21.0.9-win32-x86_64\bin\net.dll
0x00007ffee8470000 - 0x00007ffee859c000 	C:\WINDOWS\SYSTEM32\WINHTTP.dll
0x00007ffeedd20000 - 0x00007ffeedd89000 	C:\WINDOWS\system32\mswsock.dll
0x00007ffe9b3e0000 - 0x00007ffe9b3f6000 	C:\Users\lequa\.antigravity\extensions\redhat.java-1.52.0-win32-x64\jre\21.0.9-win32-x86_64\bin\nio.dll
0x00007ffeadd50000 - 0x00007ffeadd60000 	c:\Users\lequa\.antigravity\extensions\redhat.java-1.52.0-win32-x64\jre\21.0.9-win32-x86_64\bin\verify.dll

JVMTI agents:
c:\Users\lequa\.antigravity\extensions\redhat.java-1.52.0-win32-x64\lombok\lombok-1.18.39-4050.jar path:c:\Users\lequa\.antigravity\extensions\redhat.java-1.52.0-win32-x64\jre\21.0.9-win32-x86_64\bin\instrument.dll, loaded, initialized, instrumentlib options:none

dbghelp: loaded successfully - version: 4.0.5 - missing functions: none
symbol engine: initialized successfully - sym options: 0x614 - pdb path: .;c:\Users\lequa\.antigravity\extensions\redhat.java-1.52.0-win32-x64\jre\21.0.9-win32-x86_64\bin;C:\WINDOWS\SYSTEM32;C:\WINDOWS\WinSxS\amd64_microsoft.windows.common-controls_6595b64144ccf1df_6.0.22621.6060_none_2712eda17382d24b;D:\360\Total Security\safemon;c:\Users\lequa\.antigravity\extensions\redhat.java-1.52.0-win32-x64\jre\21.0.9-win32-x86_64\bin\server

VM Arguments:
jvm_args: --add-modules=ALL-SYSTEM --add-opens=java.base/java.util=ALL-UNNAMED --add-opens=java.base/java.lang=ALL-UNNAMED --add-opens=java.base/sun.nio.fs=ALL-UNNAMED -Declipse.application=org.eclipse.jdt.ls.core.id1 -Dosgi.bundles.defaultStartLevel=4 -Declipse.product=org.eclipse.jdt.ls.core.product -Djava.import.generatesMetadataFilesAtProjectRoot=false -DDetectVMInstallationsJob.disabled=true -Dfile.encoding=utf8 -XX:+UseParallelGC -XX:GCTimeRatio=4 -XX:AdaptiveSizePolicyWeight=90 -Dsun.zip.disableMemoryMapping=true -Xmx2G -Xms100m -Xlog:disable -javaagent:c:\Users\lequa\.antigravity\extensions\redhat.java-1.52.0-win32-x64\lombok\lombok-1.18.39-4050.jar -XX:+HeapDumpOnOutOfMemoryError -XX:HeapDumpPath=c:\Users\lequa\AppData\Roaming\Antigravity\User\workspaceStorage\7c5d4e6f4ddf0854ba8e81d633992a7b\redhat.java -Daether.dependencyCollector.impl=bf 
java_command: c:\Users\lequa\.antigravity\extensions\redhat.java-1.52.0-win32-x64\server\plugins\org.eclipse.equinox.launcher_1.7.100.v20251111-0406.jar -configuration c:\Users\lequa\AppData\Roaming\Antigravity\User\globalStorage\redhat.java\1.52.0\config_win -data c:\Users\lequa\AppData\Roaming\Antigravity\User\workspaceStorage\7c5d4e6f4ddf0854ba8e81d633992a7b\redhat.java\jdt_ws --pipe=\\.\pipe\lsp-4308605c98d7e4ee3d26566996989887-sock
java_class_path (initial): c:\Users\lequa\.antigravity\extensions\redhat.java-1.52.0-win32-x64\server\plugins\org.eclipse.equinox.launcher_1.7.100.v20251111-0406.jar
Launcher Type: SUN_STANDARD

[Global flags]
    uintx AdaptiveSizePolicyWeight                 = 90                                        {product} {command line}
     intx CICompilerCount                          = 4                                         {product} {ergonomic}
    uintx GCTimeRatio                              = 4                                         {product} {command line}
     bool HeapDumpOnOutOfMemoryError               = true                                   {manageable} {command line}
    ccstr HeapDumpPath                             = c:\Users\lequa\AppData\Roaming\Antigravity\User\workspaceStorage\7c5d4e6f4ddf0854ba8e81d633992a7b\redhat.java         {manageable} {command line}
   size_t InitialHeapSize                          = 104857600                                 {product} {command line}
   size_t MaxHeapSize                              = 2147483648                                {product} {command line}
   size_t MaxNewSize                               = 715653120                                 {product} {ergonomic}
   size_t MinHeapDeltaBytes                        = 524288                                    {product} {ergonomic}
   size_t MinHeapSize                              = 104857600                                 {product} {command line}
   size_t NewSize                                  = 34603008                                  {product} {ergonomic}
    uintx NonNMethodCodeHeapSize                   = 5839372                                {pd product} {ergonomic}
    uintx NonProfiledCodeHeapSize                  = 122909434                              {pd product} {ergonomic}
   size_t OldSize                                  = 70254592                                  {product} {ergonomic}
    uintx ProfiledCodeHeapSize                     = 122909434                              {pd product} {ergonomic}
    uintx ReservedCodeCacheSize                    = 251658240                              {pd product} {ergonomic}
     bool SegmentedCodeCache                       = true                                      {product} {ergonomic}
   size_t SoftMaxHeapSize                          = 2147483648                             {manageable} {ergonomic}
     bool UseCompressedOops                        = true                           {product lp64_product} {ergonomic}
     bool UseLargePagesIndividualAllocation        = false                                  {pd product} {ergonomic}
     bool UseParallelGC                            = true                                      {product} {command line}

Logging:
Log output configuration:
 #0: stdout all=off uptime,level,tags foldmultilines=false
 #1: stderr all=off uptime,level,tags foldmultilines=false

Release file:
JAVA_VERSION="21.0.9" 
MODULES="java.base java.compiler java.datatransfer java.xml java.prefs java.desktop java.instrument java.logging java.management java.security.sasl java.naming java.rmi java.management.rmi java.net.http java.scripting java.security.jgss java.transaction.xa java.sql java.sql.rowset java.xml.crypto java.se java.smartcardio jdk.accessibility jdk.internal.jvmstat jdk.attach jdk.charsets jdk.internal.opt jdk.zipfs jdk.compiler jdk.crypto.ec jdk.crypto.cryptoki jdk.crypto.mscapi jdk.dynalink jdk.internal.ed jdk.editpad jdk.hotspot.agent jdk.httpserver jdk.internal.le jdk.internal.vm.ci jdk.internal.vm.compiler jdk.internal.vm.compiler.management jdk.jartool jdk.javadoc jdk.jcmd jdk.management jdk.management.agent jdk.jconsole jdk.jdeps jdk.jdwp.agent jdk.jdi jdk.jfr jdk.jshell jdk.jsobject jdk.jstatd jdk.localedata jdk.management.jfr jdk.naming.dns jdk.naming.rmi jdk.net jdk.nio.mapmode jdk.random jdk.sctp jdk.security.auth jdk.security.jgss jdk.unsupported jdk.unsupported.desktop jdk.xml.dom" 

Environment Variables:
JAVA_HOME=D:\Java\jdk-21
PATH=C:\Program Files\Volta\;D:\Eclipse Adoptium\jdk-21.0.9.10-hotspot\bin;C:\Program Files\BraveSoftware\Brave-Browser\Application;C:\Program Files\Common Files\Oracle\Java\javapath;C:\Program Files\Python39\Scripts\;C:\Program Files\Python39\;C:\WINDOWS\system32;C:\WINDOWS;C:\WINDOWS\System32\Wbem;C:\WINDOWS\System32\WindowsPowerShell\v1.0\;C:\WINDOWS\System32\OpenSSH\;D:\Git\cmd;D:\MinGW\bin;C:\Program Files\HP\HP One Agent;C:\Program Files\Git\cmd;C:\Program Files\Microsoft SQL Server\Client SDK\ODBC\170\Tools\Binn\;C:\Program Files\dotnet\;C:\Program Files\nodejs\;C:\msys64\mingw64\bin;D:\JetBrains\IntelliJ IDEA Community Edition 2023.3.3\bin;D:\PyCharm 2024.2\bin;C:\Users\lequ;D:\Java\jdk-21\bin;C:\Users\lequa\Downloads\apache-maven-3.9.9\bin;D:\MinGW\bin;C:\Program Files\Microsoft SQL Server\170\DTS\Binn\;D:\cursor\resources\app\bin;D:\apache-maven-3.9.12-bin\apache-maven-3.9.12\bin;C:\Program Files\Cloudflare\Cloudflare WARP\;C:\Program Files\Docker\Docker\resources\bin;d:\AppData\Local\Programs\cursor\resources\app\codeBin;C:\Users\lequa\AppData\Local\Volta\bin;C:\Users\lequa\AppData\Local\Programs\Python\Python314\Scripts\;C:\Users\lequa\AppData\Local\Programs\Python\Python314\;D:\Python313\Scripts\;D:\Python313\;C:\msys64\mingw64\bin;;D:\JetBrains\IntelliJ IDEA Community Edition 2023.3.3\bin;;D:\JetBrains\PyCharm 2025.1.3.1\bin;;C:\Users\lequa\AppData\Local\Muse Hub\lib;D:\JetBrains\IntelliJ IDEA 2025.3.1\bin;D:\JetBrains\WebStorm 2024.2.3\bin;;D:\JetBrains\JetBrains Rider 2024.2.7\bin;;C:\Users\lequa\.dotnet\tools;C:\Users\lequa\AppData\Roaming\npm;C:\Users\lequa\AppData\Local\Python\bin;D:\Antigravity\bin
USERNAME=lequa
OS=Windows_NT
PROCESSOR_IDENTIFIER=Intel64 Family 6 Model 140 Stepping 1, GenuineIntel
TMP=C:\Users\lequa\AppData\Local\Temp
TEMP=C:\Users\lequa\AppData\Local\Temp




Periodic native trim disabled

---------------  S Y S T E M  ---------------

OS:
 Windows 11 , 64 bit Build 22621 (10.0.22621.5415)
OS uptime: 0 days 1:56 hours
Hyper-V role detected

CPU: total 8 (initial active 8) (4 cores per cpu, 2 threads per core) family 6 model 140 stepping 1 microcode 0xb4, cx8, cmov, fxsr, ht, mmx, 3dnowpref, sse, sse2, sse3, ssse3, sse4.1, sse4.2, popcnt, lzcnt, tsc, tscinvbit, avx, avx2, aes, erms, clmul, bmi1, bmi2, adx, avx512f, avx512dq, avx512cd, avx512bw, avx512vl, sha, fma, vzeroupper, avx512_vpopcntdq, avx512_vpclmulqdq, avx512_vaes, avx512_vnni, clflush, clflushopt, clwb, avx512_vbmi2, avx512_vbmi, hv, rdtscp, rdpid, fsrm, gfni, avx512_bitalg, f16c, cet_ibt, cet_ss, avx512_ifma
Processor Information for the first 8 processors :
  Max Mhz: 2401, Current Mhz: 2400, Mhz Limit: 2376

Memory: 4k page, system-wide physical 7834M (233M free)
TotalPageFile size 16088M (AvailPageFile size 19M)
current process WorkingSet (physical memory assigned to process): 83M, peak: 84M
current process commit charge ("private bytes"): 235M, peak: 237M

vm_info: OpenJDK 64-Bit Server VM (21.0.9+10-LTS) for windows-amd64 JRE (21.0.9+10-LTS), built on 2025-10-21T00:00:00Z by "admin" with unknown MS VC++:1942

END.
