#
# There is insufficient memory for the Java Runtime Environment to continue.
# Native memory allocation (mmap) failed to map 65536 bytes. Error detail: Failed to commit metaspace.
# Possible reasons:
#   The system is out of physical RAM or swap space
#   This process is running with CompressedOops enabled, and the Java Heap may be blocking the growth of the native heap
# Possible solutions:
#   Reduce memory load on the system
#   Increase physical memory or swap space
#   Check if swap backing store is full
#   Decrease Java heap size (-Xmx/-Xms)
#   Decrease number of Java threads
#   Decrease Java thread stack sizes (-Xss)
#   Set larger code cache with -XX:ReservedCodeCacheSize=
#   JVM is running with Unscaled Compressed Oops mode in which the Java heap is
#     placed in the first 4GB address space. The Java Heap base address is the
#     maximum limit for the native heap growth. Please use -XX:HeapBaseMinAddress
#     to set the Java Heap base and to place the Java Heap above 4GB virtual address.
# This output file may be truncated or incomplete.
#
#  Out of Memory Error (virtualSpaceNode.cpp:113), pid=6436, tid=14780
#
# JRE version: OpenJDK Runtime Environment Temurin-21.0.9+10 (21.0.9+10) (build 21.0.9+10-LTS)
# Java VM: OpenJDK 64-Bit Server VM Temurin-21.0.9+10 (21.0.9+10-LTS, mixed mode, sharing, tiered, compressed oops, compressed class ptrs, parallel gc, windows-amd64)
# No core dump will be written. Minidumps are not enabled by default on client versions of Windows
#

---------------  S U M M A R Y ------------

Command Line: --add-modules=ALL-SYSTEM --add-opens=java.base/java.util=ALL-UNNAMED --add-opens=java.base/java.lang=ALL-UNNAMED --add-opens=java.base/sun.nio.fs=ALL-UNNAMED -Declipse.application=org.eclipse.jdt.ls.core.id1 -Dosgi.bundles.defaultStartLevel=4 -Declipse.product=org.eclipse.jdt.ls.core.product -Djava.import.generatesMetadataFilesAtProjectRoot=false -DDetectVMInstallationsJob.disabled=true -Dfile.encoding=utf8 -XX:+UseParallelGC -XX:GCTimeRatio=4 -XX:AdaptiveSizePolicyWeight=90 -Dsun.zip.disableMemoryMapping=true -Xmx2G -Xms100m -Xlog:disable -javaagent:c:\Users\lequa\.antigravity\extensions\redhat.java-1.52.0-win32-x64\lombok\lombok-1.18.39-4050.jar -XX:+HeapDumpOnOutOfMemoryError -XX:HeapDumpPath=c:\Users\lequa\AppData\Roaming\Antigravity\User\workspaceStorage\7c5d4e6f4ddf0854ba8e81d633992a7b\redhat.java -Daether.dependencyCollector.impl=bf c:\Users\lequa\.antigravity\extensions\redhat.java-1.52.0-win32-x64\server\plugins\org.eclipse.equinox.launcher_1.7.100.v20251111-0406.jar -configuration c:\Users\lequa\AppData\Roaming\Antigravity\User\globalStorage\redhat.java\1.52.0\config_win -data c:\Users\lequa\AppData\Roaming\Antigravity\User\workspaceStorage\7c5d4e6f4ddf0854ba8e81d633992a7b\redhat.java\jdt_ws --pipe=\\.\pipe\lsp-9acd6066fb2cd8993f8fb643135ea6a4-sock

Host: 11th Gen Intel(R) Core(TM) i5-1135G7 @ 2.40GHz, 8 cores, 7G,  Windows 11 , 64 bit Build 22621 (10.0.22621.5415)
Time: Sat Mar  7 14:33:53 2026 SE Asia Standard Time elapsed time: 1.424635 seconds (0d 0h 0m 1s)

---------------  T H R E A D  ---------------

Current thread (0x0000014cc6fa74a0):  JavaThread "main"             [_thread_in_vm, id=14780, stack(0x000000111fb00000,0x000000111fc00000) (1024K)]

Stack: [0x000000111fb00000,0x000000111fc00000]
Native frames: (J=compiled Java code, j=interpreted, Vv=VM code, C=native code)
V  [jvm.dll+0x6d6e29]
V  [jvm.dll+0x8b4b76]
V  [jvm.dll+0x8b712e]
V  [jvm.dll+0x8b7813]
V  [jvm.dll+0x283d86]
V  [jvm.dll+0x8b08be]
V  [jvm.dll+0x678824]
V  [jvm.dll+0x67888a]
V  [jvm.dll+0x67b086]
V  [jvm.dll+0x67af52]
V  [jvm.dll+0x6791fe]
V  [jvm.dll+0x683568]
V  [jvm.dll+0x21937e]
V  [jvm.dll+0x219825]
V  [jvm.dll+0x21a218]
V  [jvm.dll+0x20f44e]
V  [jvm.dll+0x5b5a0f]
V  [jvm.dll+0x2210ce]
V  [jvm.dll+0x82d53d]
V  [jvm.dll+0x82e56b]
V  [jvm.dll+0x82eb34]
V  [jvm.dll+0x82e7c8]
V  [jvm.dll+0x477819]
V  [jvm.dll+0x47f58b]
C  [java.dll+0x13e9]

Java frames: (J=compiled Java code, j=interpreted, Vv=VM code)
j  java.lang.Class.forName0(Ljava/lang/String;ZLjava/lang/ClassLoader;Ljava/lang/Class;)Ljava/lang/Class;+0 java.base@21.0.9
j  java.lang.Class.forName(Ljava/lang/String;Ljava/lang/Class;)Ljava/lang/Class;+19 java.base@21.0.9
j  java.lang.Class.forName(Ljava/lang/String;)Ljava/lang/Class;+6 java.base@21.0.9
j  sun.security.x509.OIDMap$OIDInfo.getClazz()Ljava/lang/Class;+13 java.base@21.0.9
j  sun.security.x509.OIDMap.getClass(Lsun/security/util/ObjectIdentifier;)Ljava/lang/Class;+22 java.base@21.0.9
j  sun.security.x509.CertificateExtensions.parseExtension(Lsun/security/x509/Extension;)V+4 java.base@21.0.9
j  sun.security.x509.CertificateExtensions.init(Lsun/security/util/DerInputStream;)V+29 java.base@21.0.9
j  sun.security.x509.CertificateExtensions.<init>(Lsun/security/util/DerInputStream;)V+25 java.base@21.0.9
j  sun.security.x509.X509CertInfo.parse(Lsun/security/util/DerValue;)V+335 java.base@21.0.9
j  sun.security.x509.X509CertInfo.<init>(Lsun/security/util/DerValue;)V+67 java.base@21.0.9
j  sun.security.x509.X509CertImpl.parse(Lsun/security/util/DerValue;)V+210 java.base@21.0.9
j  sun.security.x509.X509CertImpl.<init>([B)V+45 java.base@21.0.9
j  sun.security.provider.X509Factory.cachedGetX509Cert([B)Lsun/security/x509/X509CertImpl;+22 java.base@21.0.9
j  sun.security.provider.X509Factory.engineGenerateCertificate(Ljava/io/InputStream;)Ljava/security/cert/Certificate;+33 java.base@21.0.9
j  java.security.cert.CertificateFactory.generateCertificate(Ljava/io/InputStream;)Ljava/security/cert/Certificate;+5 java.base@21.0.9
j  sun.security.pkcs.PKCS7.parseSignedData(Lsun/security/util/DerValue;)V+279 java.base@21.0.9
j  sun.security.pkcs.PKCS7.parse(Lsun/security/util/DerInputStream;Z)V+51 java.base@21.0.9
j  sun.security.pkcs.PKCS7.parse(Lsun/security/util/DerInputStream;)V+11 java.base@21.0.9
j  sun.security.pkcs.PKCS7.<init>([B)V+50 java.base@21.0.9
j  sun.security.util.SignatureFileVerifier.<init>(Ljava/util/ArrayList;Lsun/security/util/ManifestDigester;Ljava/lang/String;[B)V+35 java.base@21.0.9
j  java.util.jar.JarVerifier.processEntry(Lsun/security/util/ManifestEntryVerifier;)V+319 java.base@21.0.9
j  java.util.jar.JarVerifier.update(I[BIILsun/security/util/ManifestEntryVerifier;)V+39 java.base@21.0.9
j  java.util.jar.JarFile.initializeVerifier()V+164 java.base@21.0.9
j  java.util.jar.JarFile.ensureInitialization()V+36 java.base@21.0.9
j  java.util.jar.JavaUtilJarAccessImpl.ensureInitialization(Ljava/util/jar/JarFile;)V+1 java.base@21.0.9
j  jdk.internal.loader.URLClassPath$JarLoader$2.getManifest()Ljava/util/jar/Manifest;+10 java.base@21.0.9
j  jdk.internal.loader.BuiltinClassLoader.defineClass(Ljava/lang/String;Ljdk/internal/loader/Resource;)Ljava/lang/Class;+29 java.base@21.0.9
j  jdk.internal.loader.BuiltinClassLoader.findClassOnClassPathOrNull(Ljava/lang/String;)Ljava/lang/Class;+37 java.base@21.0.9
j  jdk.internal.loader.BuiltinClassLoader.loadClassOrNull(Ljava/lang/String;Z)Ljava/lang/Class;+111 java.base@21.0.9
j  jdk.internal.loader.BuiltinClassLoader.loadClass(Ljava/lang/String;Z)Ljava/lang/Class;+3 java.base@21.0.9
j  jdk.internal.loader.ClassLoaders$AppClassLoader.loadClass(Ljava/lang/String;Z)Ljava/lang/Class;+36 java.base@21.0.9
j  java.lang.ClassLoader.loadClass(Ljava/lang/String;)Ljava/lang/Class;+3 java.base@21.0.9
v  ~StubRoutines::call_stub 0x0000014cd16b10e7
j  java.lang.Class.forName0(Ljava/lang/String;ZLjava/lang/ClassLoader;Ljava/lang/Class;)Ljava/lang/Class;+0 java.base@21.0.9
j  java.lang.Class.forName(Ljava/lang/String;ZLjava/lang/ClassLoader;Ljava/lang/Class;)Ljava/lang/Class;+37 java.base@21.0.9
j  java.lang.Class.forName(Ljava/lang/String;ZLjava/lang/ClassLoader;)Ljava/lang/Class;+20 java.base@21.0.9
j  sun.launcher.LauncherHelper.loadMainClass(ILjava/lang/String;)Ljava/lang/Class;+95 java.base@21.0.9
j  sun.launcher.LauncherHelper.checkAndLoadMain(ZILjava/lang/String;)Ljava/lang/Class;+42 java.base@21.0.9
v  ~StubRoutines::call_stub 0x0000014cd16b10e7

---------------  P R O C E S S  ---------------

Threads class SMR info:
_java_thread_list=0x0000014cdf371630, length=11, elements={
0x0000014cc6fa74a0, 0x0000014cdd769400, 0x0000014cc703e200, 0x0000014cdd76bb00,
0x0000014cdd76cc90, 0x0000014cdd76ea50, 0x0000014cdd7716b0, 0x0000014cdd7744f0,
0x0000014cdd77cb70, 0x0000014cdf315150, 0x0000014cdf541840
}

Java Threads: ( => current thread )
=>0x0000014cc6fa74a0 JavaThread "main"                              [_thread_in_vm, id=14780, stack(0x000000111fb00000,0x000000111fc00000) (1024K)]
  0x0000014cdd769400 JavaThread "Reference Handler"          daemon [_thread_blocked, id=960, stack(0x000000111ff00000,0x0000001120000000) (1024K)]
  0x0000014cc703e200 JavaThread "Finalizer"                  daemon [_thread_blocked, id=4532, stack(0x0000001120000000,0x0000001120100000) (1024K)]
  0x0000014cdd76bb00 JavaThread "Signal Dispatcher"          daemon [_thread_blocked, id=16508, stack(0x0000001120100000,0x0000001120200000) (1024K)]
  0x0000014cdd76cc90 JavaThread "Attach Listener"            daemon [_thread_blocked, id=9864, stack(0x0000001120200000,0x0000001120300000) (1024K)]
  0x0000014cdd76ea50 JavaThread "Service Thread"             daemon [_thread_blocked, id=15996, stack(0x0000001120300000,0x0000001120400000) (1024K)]
  0x0000014cdd7716b0 JavaThread "Monitor Deflation Thread"   daemon [_thread_blocked, id=2324, stack(0x0000001120400000,0x0000001120500000) (1024K)]
  0x0000014cdd7744f0 JavaThread "C2 CompilerThread0"         daemon [_thread_in_native, id=6236, stack(0x0000001120500000,0x0000001120600000) (1024K)]
  0x0000014cdd77cb70 JavaThread "C1 CompilerThread0"         daemon [_thread_blocked, id=16080, stack(0x0000001120600000,0x0000001120700000) (1024K)]
  0x0000014cdf315150 JavaThread "Common-Cleaner"             daemon [_thread_blocked, id=17188, stack(0x0000001120700000,0x0000001120800000) (1024K)]
  0x0000014cdf541840 JavaThread "Notification Thread"        daemon [_thread_blocked, id=8912, stack(0x0000001120800000,0x0000001120900000) (1024K)]
Total: 11

Other Threads:
  0x0000014cdd764810 VMThread "VM Thread"                           [id=16688, stack(0x000000111fe00000,0x000000111ff00000) (1024K)] _threads_hazard_ptr=0x0000014cdf371630
  0x0000014cc7014be0 WatcherThread "VM Periodic Task Thread"        [id=14248, stack(0x000000111fd00000,0x000000111fe00000) (1024K)]
  0x0000014cc6fc6e80 WorkerThread "GC Thread#0"                     [id=7672, stack(0x000000111fc00000,0x000000111fd00000) (1024K)]
Total: 3

Threads with active compile tasks:
C2 CompilerThread0  1497  617   !   4       java.lang.String::replace (258 bytes)
Total: 1

VM state: synchronizing (normal execution)

VM Mutex/Monitor currently owned by a thread:  ([mutex/lock_event])
[0x00007ffe5c34b4f0] Metaspace_lock - owner thread: 0x0000014cc6fa74a0
[0x00007ffe5c34d570] Threads_lock - owner thread: 0x0000014cdd764810

Heap address: 0x0000000080000000, size: 2048 MB, Compressed Oops mode: 32-bit

CDS archive(s) mapped at: [0x0000014c80000000-0x0000014c80ba0000-0x0000014c80ba0000), size 12189696, SharedBaseAddress: 0x0000014c80000000, ArchiveRelocationMode: 1.
Compressed class space mapped at: 0x0000014c81000000-0x0000014cc1000000, reserved size: 1073741824
Narrow klass base: 0x0000014c80000000, Narrow klass shift: 0, Narrow klass range: 0x100000000

GC Precious Log:
 CardTable entry size: 512
 CPUs: 8 total, 8 available
 Memory: 7834M
 Large Page Support: Disabled
 NUMA Support: Disabled
 Compressed Oops: Enabled (32-bit)
 Alignments: Space 512K, Generation 512K, Heap 2M
 Heap Min Capacity: 100M
 Heap Initial Capacity: 100M
 Heap Max Capacity: 2G
 Pre-touch: Disabled
 Parallel Workers: 8

Heap:
 PSYoungGen      total 29696K, used 12309K [0x00000000d5580000, 0x00000000d7680000, 0x0000000100000000)
  eden space 25600K, 48% used [0x00000000d5580000,0x00000000d61856c0,0x00000000d6e80000)
  from space 4096K, 0% used [0x00000000d7280000,0x00000000d7280000,0x00000000d7680000)
  to   space 4096K, 0% used [0x00000000d6e80000,0x00000000d6e80000,0x00000000d7280000)
 ParOldGen       total 68608K, used 0K [0x0000000080000000, 0x0000000084300000, 0x00000000d5580000)
  object space 68608K, 0% used [0x0000000080000000,0x0000000080000000,0x0000000084300000)
 Metaspace       used 2050K, committed 2240K, reserved 1114112K
  class space    used 205K, committed 320K, reserved 1048576K

Card table byte_map: [0x0000014cc6830000,0x0000014cc6c40000] _byte_map_base: 0x0000014cc6430000

Marking Bits: (ParMarkBitMap*) 0x00007ffe5c352460
 Begin Bits: [0x0000014cd9180000, 0x0000014cdb180000)
 End Bits:   [0x0000014cdb180000, 0x0000014cdd180000)

Polling page: 0x0000014cc4d20000

Metaspace:

Usage:
  Non-class:      1.80 MB used.
      Class:    205.66 KB used.
       Both:      2.00 MB used.

Virtual space:
  Non-class space:       64.00 MB reserved,       1.88 MB (  3%) committed,  1 nodes.
      Class space:        1.00 GB reserved,     320.00 KB ( <1%) committed,  1 nodes.
             Both:        1.06 GB reserved,       2.19 MB ( <1%) committed. 

Chunk freelists:
   Non-Class:  11.65 MB
       Class:  15.67 MB
        Both:  27.32 MB

MaxMetaspaceSize: unlimited
CompressedClassSpaceSize: 1.00 GB
Initial GC threshold: 21.00 MB
Current GC threshold: 21.00 MB
CDS: on
 - commit_granule_bytes: 65536.
 - commit_granule_words: 8192.
 - virtual_space_node_default_size: 8388608.
 - enlarge_chunks_in_place: 1.
 - use_allocation_guard: 0.


Internal statistics:

num_allocs_failed_limit: 0.
num_arena_births: 80.
num_arena_deaths: 0.
num_vsnodes_births: 2.
num_vsnodes_deaths: 0.
num_space_committed: 35.
num_space_uncommitted: 0.
num_chunks_returned_to_freelist: 0.
num_chunks_taken_from_freelist: 102.
num_chunk_merges: 0.
num_chunk_splits: 72.
num_chunks_enlarged: 46.
num_inconsistent_stats: 0.

CodeHeap 'non-profiled nmethods': size=120000Kb used=228Kb max_used=228Kb free=119771Kb
 bounds [0x0000014cd1c50000, 0x0000014cd1ec0000, 0x0000014cd9180000]
CodeHeap 'profiled nmethods': size=120000Kb used=925Kb max_used=925Kb free=119074Kb
 bounds [0x0000014cca180000, 0x0000014cca3f0000, 0x0000014cd16b0000]
CodeHeap 'non-nmethods': size=5760Kb used=1181Kb max_used=1196Kb free=4578Kb
 bounds [0x0000014cd16b0000, 0x0000014cd1920000, 0x0000014cd1c50000]
CodeCache: size=245760Kb, used=2334Kb, max_used=2349Kb, free=243423Kb
 total_blobs=1057, nmethods=631, adapters=333, full_count=0
Compilation: enabled, stopped_count=0, restarted_count=0

Compilation events (20 events):
Event: 1.408 Thread 0x0000014cdd77cb70  621       3       sun.security.util.ObjectIdentifier::pack7Oid (42 bytes)
Event: 1.408 Thread 0x0000014cdd77cb70 nmethod 621 0x0000014cca264410 code [0x0000014cca2645c0, 0x0000014cca2647a8]
Event: 1.409 Thread 0x0000014cdd77cb70  624       3       java.lang.invoke.MethodHandle::<init> (37 bytes)
Event: 1.409 Thread 0x0000014cdd77cb70 nmethod 624 0x0000014cca264890 code [0x0000014cca264aa0, 0x0000014cca264f98]
Event: 1.409 Thread 0x0000014cdd77cb70  625       3       java.lang.invoke.LambdaForm::prepare (108 bytes)
Event: 1.410 Thread 0x0000014cdd77cb70 nmethod 625 0x0000014cca265210 code [0x0000014cca265460, 0x0000014cca265ba8]
Event: 1.410 Thread 0x0000014cdd77cb70  626       3       java.lang.invoke.MemberName::isStatic (8 bytes)
Event: 1.411 Thread 0x0000014cdd77cb70 nmethod 626 0x0000014cca265e90 code [0x0000014cca266040, 0x0000014cca266200]
Event: 1.411 Thread 0x0000014cdd77cb70  627       3       java.lang.ref.SoftReference::get (29 bytes)
Event: 1.411 Thread 0x0000014cdd77cb70 nmethod 627 0x0000014cca266290 code [0x0000014cca266440, 0x0000014cca2665d8]
Event: 1.411 Thread 0x0000014cdd77cb70  628       3       java.lang.reflect.Modifier::isPublic (12 bytes)
Event: 1.411 Thread 0x0000014cdd77cb70 nmethod 628 0x0000014cca266690 code [0x0000014cca266820, 0x0000014cca266960]
Event: 1.417 Thread 0x0000014cdd77cb70  630       3       java.lang.reflect.Modifier::isProtected (12 bytes)
Event: 1.417 Thread 0x0000014cdd77cb70 nmethod 630 0x0000014cca266a10 code [0x0000014cca266ba0, 0x0000014cca266ce0]
Event: 1.418 Thread 0x0000014cdd77cb70  631       3       sun.security.util.DerInputStream::<init> (38 bytes)
Event: 1.418 Thread 0x0000014cdd77cb70 nmethod 631 0x0000014cca266d90 code [0x0000014cca266f40, 0x0000014cca2670e0]
Event: 1.419 Thread 0x0000014cdd7744f0 nmethod 619 0x0000014cd1c88190 code [0x0000014cd1c88340, 0x0000014cd1c88888]
Event: 1.419 Thread 0x0000014cdd7744f0  620       4       java.util.HashMap$HashIterator::<init> (79 bytes)
Event: 1.420 Thread 0x0000014cdd77cb70  632       3       java.net.URI::match (56 bytes)
Event: 1.420 Thread 0x0000014cdd77cb70 nmethod 632 0x0000014cca267190 code [0x0000014cca267340, 0x0000014cca267610]

GC Heap History (0 events):
No events

Dll operation events (8 events):
Event: 0.085 Loaded shared library c:\Users\lequa\.antigravity\extensions\redhat.java-1.52.0-win32-x64\jre\21.0.9-win32-x86_64\bin\java.dll
Event: 0.286 Loaded shared library c:\Users\lequa\.antigravity\extensions\redhat.java-1.52.0-win32-x64\jre\21.0.9-win32-x86_64\bin\zip.dll
Event: 0.344 Loaded shared library C:\Users\lequa\.antigravity\extensions\redhat.java-1.52.0-win32-x64\jre\21.0.9-win32-x86_64\bin\instrument.dll
Event: 0.375 Loaded shared library C:\Users\lequa\.antigravity\extensions\redhat.java-1.52.0-win32-x64\jre\21.0.9-win32-x86_64\bin\net.dll
Event: 0.402 Loaded shared library C:\Users\lequa\.antigravity\extensions\redhat.java-1.52.0-win32-x64\jre\21.0.9-win32-x86_64\bin\nio.dll
Event: 0.412 Loaded shared library C:\Users\lequa\.antigravity\extensions\redhat.java-1.52.0-win32-x64\jre\21.0.9-win32-x86_64\bin\zip.dll
Event: 0.449 Loaded shared library C:\Users\lequa\.antigravity\extensions\redhat.java-1.52.0-win32-x64\jre\21.0.9-win32-x86_64\bin\jimage.dll
Event: 0.915 Loaded shared library c:\Users\lequa\.antigravity\extensions\redhat.java-1.52.0-win32-x64\jre\21.0.9-win32-x86_64\bin\verify.dll

Deoptimization events (20 events):
Event: 1.311 Thread 0x0000014cc6fa74a0 DEOPT PACKING pc=0x0000014cca1c58d8 sp=0x000000111fbfc010
Event: 1.311 Thread 0x0000014cc6fa74a0 DEOPT UNPACKING pc=0x0000014cd17078e2 sp=0x000000111fbfb4d0 mode 0
Event: 1.319 Thread 0x0000014cc6fa74a0 DEOPT PACKING pc=0x0000014cca1c58d8 sp=0x000000111fbfac40
Event: 1.319 Thread 0x0000014cc6fa74a0 DEOPT UNPACKING pc=0x0000014cd17078e2 sp=0x000000111fbfa100 mode 0
Event: 1.324 Thread 0x0000014cc6fa74a0 DEOPT PACKING pc=0x0000014cca1c58d8 sp=0x000000111fbfac40
Event: 1.324 Thread 0x0000014cc6fa74a0 DEOPT UNPACKING pc=0x0000014cd17078e2 sp=0x000000111fbfa100 mode 0
Event: 1.363 Thread 0x0000014cc6fa74a0 DEOPT PACKING pc=0x0000014cca1c58d8 sp=0x000000111fbfc120
Event: 1.363 Thread 0x0000014cc6fa74a0 DEOPT UNPACKING pc=0x0000014cd17078e2 sp=0x000000111fbfb5e0 mode 0
Event: 1.369 Thread 0x0000014cc6fa74a0 DEOPT PACKING pc=0x0000014cca1c58d8 sp=0x000000111fbfc440
Event: 1.369 Thread 0x0000014cc6fa74a0 DEOPT UNPACKING pc=0x0000014cd17078e2 sp=0x000000111fbfb900 mode 0
Event: 1.374 Thread 0x0000014cc6fa74a0 DEOPT PACKING pc=0x0000014cca1c58d8 sp=0x000000111fbfc3c0
Event: 1.374 Thread 0x0000014cc6fa74a0 DEOPT UNPACKING pc=0x0000014cd17078e2 sp=0x000000111fbfb880 mode 0
Event: 1.377 Thread 0x0000014cc6fa74a0 DEOPT PACKING pc=0x0000014cca1c58d8 sp=0x000000111fbfb680
Event: 1.377 Thread 0x0000014cc6fa74a0 DEOPT UNPACKING pc=0x0000014cd17078e2 sp=0x000000111fbfab40 mode 0
Event: 1.381 Thread 0x0000014cc6fa74a0 DEOPT PACKING pc=0x0000014cca1c58d8 sp=0x000000111fbfc290
Event: 1.381 Thread 0x0000014cc6fa74a0 DEOPT UNPACKING pc=0x0000014cd17078e2 sp=0x000000111fbfb750 mode 0
Event: 1.420 Thread 0x0000014cc6fa74a0 Uncommon trap: trap_request=0xffffff45 fr.pc=0x0000014cd1c72774 relative=0x00000000000000d4
Event: 1.420 Thread 0x0000014cc6fa74a0 Uncommon trap: reason=unstable_if action=reinterpret pc=0x0000014cd1c72774 method=java.net.URI.match(CJJ)Z @ 45 c2
Event: 1.420 Thread 0x0000014cc6fa74a0 DEOPT PACKING pc=0x0000014cd1c72774 sp=0x000000111fbfcd60
Event: 1.420 Thread 0x0000014cc6fa74a0 DEOPT UNPACKING pc=0x0000014cd1706da2 sp=0x000000111fbfccc8 mode 2

Classes loaded (20 events):
Event: 1.415 Loading class java/lang/System$Logger$Level done
Event: 1.416 Loading class sun/security/x509/AuthorityKeyIdentifierExtension
Event: 1.416 Loading class sun/security/x509/AuthorityKeyIdentifierExtension done
Event: 1.416 Loading class sun/security/x509/GeneralNames
Event: 1.417 Loading class sun/security/x509/GeneralNames done
Event: 1.417 Loading class sun/security/x509/ExtendedKeyUsageExtension
Event: 1.417 Loading class sun/security/x509/ExtendedKeyUsageExtension done
Event: 1.417 Loading class java/util/Vector
Event: 1.418 Loading class java/util/Vector done
Event: 1.418 Loading class sun/security/x509/AuthorityInfoAccessExtension
Event: 1.418 Loading class sun/security/x509/AuthorityInfoAccessExtension done
Event: 1.419 Loading class sun/security/x509/AccessDescription
Event: 1.419 Loading class sun/security/x509/AccessDescription done
Event: 1.419 Loading class sun/security/x509/GeneralName
Event: 1.419 Loading class sun/security/x509/GeneralName done
Event: 1.419 Loading class sun/security/x509/URIName
Event: 1.420 Loading class sun/security/x509/URIName done
Event: 1.420 Loading class sun/security/x509/DNSName
Event: 1.420 Loading class sun/security/x509/DNSName done
Event: 1.420 Loading class sun/security/x509/CRLDistributionPointsExtension

Classes unloaded (0 events):
No events

Classes redefined (0 events):
No events

Internal exceptions (12 events):
Event: 0.254 Thread 0x0000014cc6fa74a0 Exception <a 'java/lang/NoSuchMethodError'{0x00000000d57a9570}: 'void java.lang.invoke.DirectMethodHandle$Holder.invokeStatic(java.lang.Object, java.lang.Object, java.lang.Object)'> (0x00000000d57a9570) 
thrown [s\src\hotspot\share\interpreter\linkResolver.cpp, line 773]
Event: 0.434 Thread 0x0000014cc6fa74a0 Exception <a 'java/lang/NoSuchMethodError'{0x00000000d5912b18}: 'java.lang.Object java.lang.invoke.Invokers$Holder.invokeExact_MT(java.lang.Object, java.lang.Object, java.lang.Object, java.lang.Object, java.lang.Object)'> (0x00000000d5912b18) 
thrown [s\src\hotspot\share\interpreter\linkResolver.cpp, line 773]
Event: 0.553 Thread 0x0000014cc6fa74a0 Exception <a 'java/lang/NoSuchMethodError'{0x00000000d59cc500}: 'int java.lang.invoke.DirectMethodHandle$Holder.invokeSpecial(java.lang.Object, java.lang.Object, java.lang.Object, int)'> (0x00000000d59cc500) 
thrown [s\src\hotspot\share\interpreter\linkResolver.cpp, line 773]
Event: 0.556 Thread 0x0000014cc6fa74a0 Exception <a 'java/lang/NoSuchMethodError'{0x00000000d59deee8}: 'java.lang.Object java.lang.invoke.DirectMethodHandle$Holder.invokeStatic(java.lang.Object, java.lang.Object, java.lang.Object, java.lang.Object, int)'> (0x00000000d59deee8) 
thrown [s\src\hotspot\share\interpreter\linkResolver.cpp, line 773]
Event: 0.563 Thread 0x0000014cc6fa74a0 Exception <a 'java/lang/NoSuchMethodError'{0x00000000d59ea4d0}: 'void java.lang.invoke.DelegatingMethodHandle$Holder.reinvoke_L(java.lang.Object, java.lang.Object, java.lang.Object, int, java.lang.Object)'> (0x00000000d59ea4d0) 
thrown [s\src\hotspot\share\interpreter\linkResolver.cpp, line 773]
Event: 0.571 Thread 0x0000014cc6fa74a0 Exception <a 'java/lang/NoSuchMethodError'{0x00000000d59fae20}: 'int java.lang.invoke.DirectMethodHandle$Holder.invokeSpecial(java.lang.Object, java.lang.Object, java.lang.Object)'> (0x00000000d59fae20) 
thrown [s\src\hotspot\share\interpreter\linkResolver.cpp, line 773]
Event: 0.576 Thread 0x0000014cc6fa74a0 Exception <a 'java/lang/NoSuchMethodError'{0x00000000d5a06ae0}: 'java.lang.Object java.lang.invoke.DirectMethodHandle$Holder.invokeStatic(java.lang.Object, java.lang.Object, int)'> (0x00000000d5a06ae0) 
thrown [s\src\hotspot\share\interpreter\linkResolver.cpp, line 773]
Event: 0.577 Thread 0x0000014cc6fa74a0 Exception <a 'java/lang/NoSuchMethodError'{0x00000000d5a0b430}: 'void java.lang.invoke.DirectMethodHandle$Holder.invokeStatic(java.lang.Object, java.lang.Object, int, java.lang.Object)'> (0x00000000d5a0b430) 
thrown [s\src\hotspot\share\interpreter\linkResolver.cpp, line 773]
Event: 0.578 Thread 0x0000014cc6fa74a0 Exception <a 'java/lang/NoSuchMethodError'{0x00000000d5a0efc0}: 'void java.lang.invoke.DirectMethodHandle$Holder.invokeSpecial(java.lang.Object, java.lang.Object, java.lang.Object, int, java.lang.Object)'> (0x00000000d5a0efc0) 
thrown [s\src\hotspot\share\interpreter\linkResolver.cpp, line 773]
Event: 0.578 Thread 0x0000014cc6fa74a0 Exception <a 'java/lang/NoSuchMethodError'{0x00000000d5a12678}: 'void java.lang.invoke.DelegatingMethodHandle$Holder.delegate(java.lang.Object, java.lang.Object, int, java.lang.Object)'> (0x00000000d5a12678) 
thrown [s\src\hotspot\share\interpreter\linkResolver.cpp, line 773]
Event: 1.002 Thread 0x0000014cc6fa74a0 Exception <a 'java/lang/NoSuchMethodError'{0x00000000d5bd3388}: 'void java.lang.invoke.DelegatingMethodHandle$Holder.reinvoke_L(java.lang.Object, java.lang.Object, java.lang.Object, int)'> (0x00000000d5bd3388) 
thrown [s\src\hotspot\share\interpreter\linkResolver.cpp, line 773]
Event: 1.394 Thread 0x0000014cc6fa74a0 Exception <a 'java/lang/NoSuchMethodError'{0x00000000d6060558}: 'void java.lang.invoke.DirectMethodHandle$Holder.invokeVirtual(java.lang.Object, java.lang.Object)'> (0x00000000d6060558) 
thrown [s\src\hotspot\share\interpreter\linkResolver.cpp, line 773]

ZGC Phase Switch (0 events):
No events

VM Operations (4 events):
Event: 0.264 Executing VM operation: HandshakeAllThreads (Deoptimize)
Event: 0.264 Executing VM operation: HandshakeAllThreads (Deoptimize) done
Event: 0.480 Executing VM operation: HandshakeAllThreads (Deoptimize)
Event: 0.480 Executing VM operation: HandshakeAllThreads (Deoptimize) done

Memory protections (0 events):
No events

Nmethod flushes (0 events):
No events

Events (11 events):
Event: 0.131 Thread 0x0000014cc6fa74a0 Thread added: 0x0000014cc6fa74a0
Event: 0.174 Thread 0x0000014cc6fa74a0 Thread added: 0x0000014cdd769400
Event: 0.174 Thread 0x0000014cc6fa74a0 Thread added: 0x0000014cc703e200
Event: 0.174 Thread 0x0000014cc6fa74a0 Thread added: 0x0000014cdd76bb00
Event: 0.175 Thread 0x0000014cc6fa74a0 Thread added: 0x0000014cdd76cc90
Event: 0.175 Thread 0x0000014cc6fa74a0 Thread added: 0x0000014cdd76ea50
Event: 0.175 Thread 0x0000014cc6fa74a0 Thread added: 0x0000014cdd7716b0
Event: 0.175 Thread 0x0000014cc6fa74a0 Thread added: 0x0000014cdd7744f0
Event: 0.177 Thread 0x0000014cc6fa74a0 Thread added: 0x0000014cdd77cb70
Event: 0.349 Thread 0x0000014cc6fa74a0 Thread added: 0x0000014cdf315150
Event: 1.265 Thread 0x0000014cc6fa74a0 Thread added: 0x0000014cdf541840


Dynamic libraries:
0x00007ff778ae0000 - 0x00007ff778aee000 	c:\Users\lequa\.antigravity\extensions\redhat.java-1.52.0-win32-x64\jre\21.0.9-win32-x86_64\bin\java.exe
0x00007ffef1810000 - 0x00007ffef1a28000 	C:\WINDOWS\SYSTEM32\ntdll.dll
0x00007ffef08d0000 - 0x00007ffef0994000 	C:\WINDOWS\System32\KERNEL32.DLL
0x00007ffeee920000 - 0x00007ffeeecf3000 	C:\WINDOWS\System32\KERNELBASE.dll
0x00007ffeeeec0000 - 0x00007ffeeefd1000 	C:\WINDOWS\System32\ucrtbase.dll
0x00007ffeacde0000 - 0x00007ffeacdf8000 	c:\Users\lequa\.antigravity\extensions\redhat.java-1.52.0-win32-x64\jre\21.0.9-win32-x86_64\bin\jli.dll
0x00007ffef0540000 - 0x00007ffef06f2000 	C:\WINDOWS\System32\USER32.dll
0x00007ffeeedf0000 - 0x00007ffeeee16000 	C:\WINDOWS\System32\win32u.dll
0x00007ffef1640000 - 0x00007ffef1669000 	C:\WINDOWS\System32\GDI32.dll
0x00007ffeef0e0000 - 0x00007ffeef1fb000 	C:\WINDOWS\System32\gdi32full.dll
0x00007ffeeee20000 - 0x00007ffeeeeba000 	C:\WINDOWS\System32\msvcp_win.dll
0x00007ffec2680000 - 0x00007ffec269e000 	c:\Users\lequa\.antigravity\extensions\redhat.java-1.52.0-win32-x64\jre\21.0.9-win32-x86_64\bin\VCRUNTIME140.dll
0x00007ffee29d0000 - 0x00007ffee2c6c000 	C:\WINDOWS\WinSxS\amd64_microsoft.windows.common-controls_6595b64144ccf1df_6.0.22621.6060_none_2712eda17382d24b\COMCTL32.dll
0x00007ffef0af0000 - 0x00007ffef0b97000 	C:\WINDOWS\System32\msvcrt.dll
0x00007ffef1790000 - 0x00007ffef17c1000 	C:\WINDOWS\System32\IMM32.DLL
0x0000000051790000 - 0x000000005179d000 	D:\360\Total Security\safemon\SafeWrapper.dll
0x00007ffef0ca0000 - 0x00007ffef0d51000 	C:\WINDOWS\System32\ADVAPI32.dll
0x00007ffef1510000 - 0x00007ffef15b8000 	C:\WINDOWS\System32\sechost.dll
0x00007ffeeed00000 - 0x00007ffeeed28000 	C:\WINDOWS\System32\bcrypt.dll
0x00007ffef0700000 - 0x00007ffef0818000 	C:\WINDOWS\System32\RPCRT4.dll
0x00007ffee4940000 - 0x00007ffee4a45000 	D:\360\Total Security\safemon\libzdtp64.dll
0x00007ffeefaf0000 - 0x00007ffef038c000 	C:\WINDOWS\System32\SHELL32.dll
0x00007ffeef200000 - 0x00007ffeef33f000 	C:\WINDOWS\System32\wintypes.dll
0x00007ffef1080000 - 0x00007ffef1411000 	C:\WINDOWS\System32\combase.dll
0x00007ffef09a0000 - 0x00007ffef0a09000 	C:\WINDOWS\System32\SHLWAPI.dll
0x00007ffeee2d0000 - 0x00007ffeee2da000 	C:\WINDOWS\SYSTEM32\VERSION.dll
0x00007ffed1610000 - 0x00007ffed161c000 	c:\Users\lequa\.antigravity\extensions\redhat.java-1.52.0-win32-x64\jre\21.0.9-win32-x86_64\bin\vcruntime140_1.dll
0x00007ffe98660000 - 0x00007ffe986ed000 	c:\Users\lequa\.antigravity\extensions\redhat.java-1.52.0-win32-x64\jre\21.0.9-win32-x86_64\bin\msvcp140.dll
0x00007ffe5b690000 - 0x00007ffe5c430000 	c:\Users\lequa\.antigravity\extensions\redhat.java-1.52.0-win32-x64\jre\21.0.9-win32-x86_64\bin\server\jvm.dll
0x00007ffef1490000 - 0x00007ffef1501000 	C:\WINDOWS\System32\WS2_32.dll
0x00007ffee4f50000 - 0x00007ffee4f84000 	C:\WINDOWS\SYSTEM32\WINMM.dll
0x00007ffeee7f0000 - 0x00007ffeee83d000 	C:\WINDOWS\SYSTEM32\POWRPROF.dll
0x00007ffeee7d0000 - 0x00007ffeee7e3000 	C:\WINDOWS\SYSTEM32\UMPDC.dll
0x00007ffeed850000 - 0x00007ffeed868000 	C:\WINDOWS\SYSTEM32\kernel.appcore.dll
0x00007ffed1410000 - 0x00007ffed141a000 	c:\Users\lequa\.antigravity\extensions\redhat.java-1.52.0-win32-x64\jre\21.0.9-win32-x86_64\bin\jimage.dll
0x00007ffeec260000 - 0x00007ffeec493000 	C:\WINDOWS\SYSTEM32\DBGHELP.DLL
0x00007ffef0a10000 - 0x00007ffef0ae8000 	C:\WINDOWS\System32\OLEAUT32.dll
0x00007ffee1e70000 - 0x00007ffee1ea2000 	C:\WINDOWS\SYSTEM32\dbgcore.DLL
0x00007ffeeefe0000 - 0x00007ffeef05b000 	C:\WINDOWS\System32\bcryptPrimitives.dll
0x00007ffeb31e0000 - 0x00007ffeb31ef000 	c:\Users\lequa\.antigravity\extensions\redhat.java-1.52.0-win32-x64\jre\21.0.9-win32-x86_64\bin\instrument.dll
0x00007ffea99f0000 - 0x00007ffea9a10000 	c:\Users\lequa\.antigravity\extensions\redhat.java-1.52.0-win32-x64\jre\21.0.9-win32-x86_64\bin\java.dll
0x00007ffeec760000 - 0x00007ffeed07a000 	C:\WINDOWS\SYSTEM32\windows.storage.dll
0x00007ffef0420000 - 0x00007ffef0524000 	C:\WINDOWS\System32\SHCORE.dll
0x00007ffeee850000 - 0x00007ffeee875000 	C:\WINDOWS\SYSTEM32\profapi.dll
0x00007ffea9790000 - 0x00007ffea97a8000 	c:\Users\lequa\.antigravity\extensions\redhat.java-1.52.0-win32-x64\jre\21.0.9-win32-x86_64\bin\zip.dll
0x00007ffece400000 - 0x00007ffece410000 	C:\Users\lequa\.antigravity\extensions\redhat.java-1.52.0-win32-x64\jre\21.0.9-win32-x86_64\bin\net.dll
0x00007ffee8470000 - 0x00007ffee859c000 	C:\WINDOWS\SYSTEM32\WINHTTP.dll
0x00007ffeedd20000 - 0x00007ffeedd89000 	C:\WINDOWS\system32\mswsock.dll
0x00007ffea9710000 - 0x00007ffea9726000 	C:\Users\lequa\.antigravity\extensions\redhat.java-1.52.0-win32-x64\jre\21.0.9-win32-x86_64\bin\nio.dll
0x00007ffec9bd0000 - 0x00007ffec9be0000 	c:\Users\lequa\.antigravity\extensions\redhat.java-1.52.0-win32-x64\jre\21.0.9-win32-x86_64\bin\verify.dll

JVMTI agents:
c:\Users\lequa\.antigravity\extensions\redhat.java-1.52.0-win32-x64\lombok\lombok-1.18.39-4050.jar path:c:\Users\lequa\.antigravity\extensions\redhat.java-1.52.0-win32-x64\jre\21.0.9-win32-x86_64\bin\instrument.dll, loaded, initialized, instrumentlib options:none

dbghelp: loaded successfully - version: 4.0.5 - missing functions: none
symbol engine: initialized successfully - sym options: 0x614 - pdb path: .;c:\Users\lequa\.antigravity\extensions\redhat.java-1.52.0-win32-x64\jre\21.0.9-win32-x86_64\bin;C:\WINDOWS\SYSTEM32;C:\WINDOWS\WinSxS\amd64_microsoft.windows.common-controls_6595b64144ccf1df_6.0.22621.6060_none_2712eda17382d24b;D:\360\Total Security\safemon;c:\Users\lequa\.antigravity\extensions\redhat.java-1.52.0-win32-x64\jre\21.0.9-win32-x86_64\bin\server

VM Arguments:
jvm_args: --add-modules=ALL-SYSTEM --add-opens=java.base/java.util=ALL-UNNAMED --add-opens=java.base/java.lang=ALL-UNNAMED --add-opens=java.base/sun.nio.fs=ALL-UNNAMED -Declipse.application=org.eclipse.jdt.ls.core.id1 -Dosgi.bundles.defaultStartLevel=4 -Declipse.product=org.eclipse.jdt.ls.core.product -Djava.import.generatesMetadataFilesAtProjectRoot=false -DDetectVMInstallationsJob.disabled=true -Dfile.encoding=utf8 -XX:+UseParallelGC -XX:GCTimeRatio=4 -XX:AdaptiveSizePolicyWeight=90 -Dsun.zip.disableMemoryMapping=true -Xmx2G -Xms100m -Xlog:disable -javaagent:c:\Users\lequa\.antigravity\extensions\redhat.java-1.52.0-win32-x64\lombok\lombok-1.18.39-4050.jar -XX:+HeapDumpOnOutOfMemoryError -XX:HeapDumpPath=c:\Users\lequa\AppData\Roaming\Antigravity\User\workspaceStorage\7c5d4e6f4ddf0854ba8e81d633992a7b\redhat.java -Daether.dependencyCollector.impl=bf 
java_command: c:\Users\lequa\.antigravity\extensions\redhat.java-1.52.0-win32-x64\server\plugins\org.eclipse.equinox.launcher_1.7.100.v20251111-0406.jar -configuration c:\Users\lequa\AppData\Roaming\Antigravity\User\globalStorage\redhat.java\1.52.0\config_win -data c:\Users\lequa\AppData\Roaming\Antigravity\User\workspaceStorage\7c5d4e6f4ddf0854ba8e81d633992a7b\redhat.java\jdt_ws --pipe=\\.\pipe\lsp-9acd6066fb2cd8993f8fb643135ea6a4-sock
java_class_path (initial): c:\Users\lequa\.antigravity\extensions\redhat.java-1.52.0-win32-x64\server\plugins\org.eclipse.equinox.launcher_1.7.100.v20251111-0406.jar
Launcher Type: SUN_STANDARD

[Global flags]
    uintx AdaptiveSizePolicyWeight                 = 90                                        {product} {command line}
     intx CICompilerCount                          = 4                                         {product} {ergonomic}
    uintx GCTimeRatio                              = 4                                         {product} {command line}
     bool HeapDumpOnOutOfMemoryError               = true                                   {manageable} {command line}
    ccstr HeapDumpPath                             = c:\Users\lequa\AppData\Roaming\Antigravity\User\workspaceStorage\7c5d4e6f4ddf0854ba8e81d633992a7b\redhat.java         {manageable} {command line}
   size_t InitialHeapSize                          = 104857600                                 {product} {command line}
   size_t MaxHeapSize                              = 2147483648                                {product} {command line}
   size_t MaxNewSize                               = 715653120                                 {product} {ergonomic}
   size_t MinHeapDeltaBytes                        = 524288                                    {product} {ergonomic}
   size_t MinHeapSize                              = 104857600                                 {product} {command line}
   size_t NewSize                                  = 34603008                                  {product} {ergonomic}
    uintx NonNMethodCodeHeapSize                   = 5839372                                {pd product} {ergonomic}
    uintx NonProfiledCodeHeapSize                  = 122909434                              {pd product} {ergonomic}
   size_t OldSize                                  = 70254592                                  {product} {ergonomic}
    uintx ProfiledCodeHeapSize                     = 122909434                              {pd product} {ergonomic}
    uintx ReservedCodeCacheSize                    = 251658240                              {pd product} {ergonomic}
     bool SegmentedCodeCache                       = true                                      {product} {ergonomic}
   size_t SoftMaxHeapSize                          = 2147483648                             {manageable} {ergonomic}
     bool UseCompressedOops                        = true                           {product lp64_product} {ergonomic}
     bool UseLargePagesIndividualAllocation        = false                                  {pd product} {ergonomic}
     bool UseParallelGC                            = true                                      {product} {command line}

Logging:
Log output configuration:
 #0: stdout all=off uptime,level,tags foldmultilines=false
 #1: stderr all=off uptime,level,tags foldmultilines=false

Release file:
JAVA_VERSION="21.0.9" 
MODULES="java.base java.compiler java.datatransfer java.xml java.prefs java.desktop java.instrument java.logging java.management java.security.sasl java.naming java.rmi java.management.rmi java.net.http java.scripting java.security.jgss java.transaction.xa java.sql java.sql.rowset java.xml.crypto java.se java.smartcardio jdk.accessibility jdk.internal.jvmstat jdk.attach jdk.charsets jdk.internal.opt jdk.zipfs jdk.compiler jdk.crypto.ec jdk.crypto.cryptoki jdk.crypto.mscapi jdk.dynalink jdk.internal.ed jdk.editpad jdk.hotspot.agent jdk.httpserver jdk.internal.le jdk.internal.vm.ci jdk.internal.vm.compiler jdk.internal.vm.compiler.management jdk.jartool jdk.javadoc jdk.jcmd jdk.management jdk.management.agent jdk.jconsole jdk.jdeps jdk.jdwp.agent jdk.jdi jdk.jfr jdk.jshell jdk.jsobject jdk.jstatd jdk.localedata jdk.management.jfr jdk.naming.dns jdk.naming.rmi jdk.net jdk.nio.mapmode jdk.random jdk.sctp jdk.security.auth jdk.security.jgss jdk.unsupported jdk.unsupported.desktop jdk.xml.dom" 

Environment Variables:
JAVA_HOME=D:\Java\jdk-21
PATH=C:\Program Files\Volta\;D:\Eclipse Adoptium\jdk-21.0.9.10-hotspot\bin;C:\Program Files\BraveSoftware\Brave-Browser\Application;C:\Program Files\Common Files\Oracle\Java\javapath;C:\Program Files\Python39\Scripts\;C:\Program Files\Python39\;C:\WINDOWS\system32;C:\WINDOWS;C:\WINDOWS\System32\Wbem;C:\WINDOWS\System32\WindowsPowerShell\v1.0\;C:\WINDOWS\System32\OpenSSH\;D:\Git\cmd;D:\MinGW\bin;C:\Program Files\HP\HP One Agent;C:\Program Files\Git\cmd;C:\Program Files\Microsoft SQL Server\Client SDK\ODBC\170\Tools\Binn\;C:\Program Files\dotnet\;C:\Program Files\nodejs\;C:\msys64\mingw64\bin;D:\JetBrains\IntelliJ IDEA Community Edition 2023.3.3\bin;D:\PyCharm 2024.2\bin;C:\Users\lequ;D:\Java\jdk-21\bin;C:\Users\lequa\Downloads\apache-maven-3.9.9\bin;D:\MinGW\bin;C:\Program Files\Microsoft SQL Server\170\DTS\Binn\;D:\cursor\resources\app\bin;D:\apache-maven-3.9.12-bin\apache-maven-3.9.12\bin;C:\Program Files\Cloudflare\Cloudflare WARP\;C:\Program Files\Docker\Docker\resources\bin;d:\AppData\Local\Programs\cursor\resources\app\codeBin;C:\Users\lequa\AppData\Local\Volta\bin;C:\Users\lequa\AppData\Local\Programs\Python\Python314\Scripts\;C:\Users\lequa\AppData\Local\Programs\Python\Python314\;D:\Python313\Scripts\;D:\Python313\;C:\msys64\mingw64\bin;;D:\JetBrains\IntelliJ IDEA Community Edition 2023.3.3\bin;;D:\JetBrains\PyCharm 2025.1.3.1\bin;;C:\Users\lequa\AppData\Local\Muse Hub\lib;D:\JetBrains\IntelliJ IDEA 2025.3.1\bin;D:\JetBrains\WebStorm 2024.2.3\bin;;D:\JetBrains\JetBrains Rider 2024.2.7\bin;;C:\Users\lequa\.dotnet\tools;C:\Users\lequa\AppData\Roaming\npm;C:\Users\lequa\AppData\Local\Python\bin;D:\Antigravity\bin
USERNAME=lequa
OS=Windows_NT
PROCESSOR_IDENTIFIER=Intel64 Family 6 Model 140 Stepping 1, GenuineIntel
TMP=C:\Users\lequa\AppData\Local\Temp
TEMP=C:\Users\lequa\AppData\Local\Temp




Periodic native trim disabled

---------------  S Y S T E M  ---------------

OS:
 Windows 11 , 64 bit Build 22621 (10.0.22621.5415)
OS uptime: 0 days 1:26 hours
Hyper-V role detected

CPU: total 8 (initial active 8) (4 cores per cpu, 2 threads per core) family 6 model 140 stepping 1 microcode 0xb4, cx8, cmov, fxsr, ht, mmx, 3dnowpref, sse, sse2, sse3, ssse3, sse4.1, sse4.2, popcnt, lzcnt, tsc, tscinvbit, avx, avx2, aes, erms, clmul, bmi1, bmi2, adx, avx512f, avx512dq, avx512cd, avx512bw, avx512vl, sha, fma, vzeroupper, avx512_vpopcntdq, avx512_vpclmulqdq, avx512_vaes, avx512_vnni, clflush, clflushopt, clwb, avx512_vbmi2, avx512_vbmi, hv, rdtscp, rdpid, fsrm, gfni, avx512_bitalg, f16c, cet_ibt, cet_ss, avx512_ifma
Processor Information for the first 8 processors :
  Max Mhz: 2401, Current Mhz: 2400, Mhz Limit: 2376

Memory: 4k page, system-wide physical 7834M (289M free)
TotalPageFile size 16088M (AvailPageFile size 0M)
current process WorkingSet (physical memory assigned to process): 53M, peak: 53M
current process commit charge ("private bytes"): 227M, peak: 228M

vm_info: OpenJDK 64-Bit Server VM (21.0.9+10-LTS) for windows-amd64 JRE (21.0.9+10-LTS), built on 2025-10-21T00:00:00Z by "admin" with unknown MS VC++:1942

END.
